#
# A fatal error has been detected by the Java Runtime Environment:
#
#  EXCEPTION_ACCESS_VIOLATION (0xc0000005) at pc=0x0000000004afdd47, pid=13480, tid=0x0000000000001e74
#
# JRE version: OpenJDK Runtime Environment (8.0_242-b01) (build 1.8.0_242-release-1644-b01)
# Java VM: OpenJDK 64-Bit Server VM (25.242-b01 mixed mode windows-amd64 compressed oops)
# Problematic frame:
# J 20565 C2 com.sun.tools.javac.code.Scope.enter(Lcom/sun/tools/javac/code/Symbol;Lcom/sun/tools/javac/code/Scope;Lcom/sun/tools/javac/code/Scope;Z)V (145 bytes) @ 0x0000000004afdd47 [0x0000000004afd980+0x3c7]
#
# Failed to write core dump. Minidumps are not enabled by default on client versions of Windows
#
# If you would like to submit a bug report, please visit:
#   
#

---------------  T H R E A D  ---------------

Current thread (0x000000001b11c800):  JavaThread "Execution worker for ':'" [_thread_in_Java, id=7796, stack(0x000000002b020000,0x000000002b120000)]

siginfo: ExceptionCode=0xc0000005, reading address 0x000000000000000e

Registers:
RAX=0x000000002bbe8289, RBX=0x00000000a882a391, RCX=0x00000000ffffffff, RDX=0x000000008f905e28
RSP=0x000000002b11a6b0, RBP=0x00000000db5b37e8, RSI=0x0000000000000002, RDI=0x0000000000000006
R8 =0x00000000dcb29900, R9 =0x0000000000000006, R10=0x00000000006e594c, R11=0x00000000db5b37b8
R12=0x0000000000000000, R13=0x00000000d678e690, R14=0x0000000000000010, R15=0x000000001b11c800
RIP=0x0000000004afdd47, EFLAGS=0x0000000000010213

Top of Stack: (sp=0x000000002b11a6b0)
0x000000002b11a6b0:   0000000000000000 00000000ffffffff
0x000000002b11a6c0:   00000000db5fed10 00000000db5d6220
0x000000002b11a6d0:   00000000db5d6220 000000008f905e28
0x000000002b11a6e0:   00000005db5b37e8 00000000db5b37e8
0x000000002b11a6f0:   dcb297e800000009 dcb29900d678e690
0x000000002b11a700:   00000000d678e690 0000000005dcc528
0x000000002b11a710:   00000000d5d08640 00000000dcb297e8
0x000000002b11a720:   00000000db42ed50 0000000005728704
0x000000002b11a730:   00000000db5b38a0 0000000005a2e84c
0x000000002b11a740:   00000000dcb293b0 0000000005d3d02c
0x000000002b11a750:   00000000db5b3060 00000000dcb29000
0x000000002b11a760:   00000000d5d08668 0000000005e5ca04
0x000000002b11a770:   00000000db42ed50 0000000005728704
0x000000002b11a780:   00000000d5d08668 00000000058a9e8c
0x000000002b11a790:   00000000d5d08a00 00000000dcb293b0
0x000000002b11a7a0:   00000000d5d0c120 000000000597bbe8 

Instructions: (pc=0x0000000004afdd47)
0x0000000004afdd27:   24 40 41 ff c9 41 83 f9 ff 0f 8e 0a 01 00 00 42
0x0000000004afdd37:   8b 74 8d 10 85 f6 74 ea 81 fe 28 5e 90 8f 74 e2
0x0000000004afdd47:   44 8b 46 0c 45 8b 50 18 49 8b 1a 45 8b 43 20 48
0x0000000004afdd57:   8b c3 48 83 e0 07 4c 8b ee 4c 89 6c 24 68 4d 8b 


Register to memory mapping:

RAX=0x000000002bbe8289 is pointing into metadata
RBX=0x00000000a882a391 is an unallocated location in the heap
RCX=0x00000000ffffffff is an unallocated location in the heap
RDX=0x000000008f905e28 is an oop
com.sun.tools.javac.code.Scope$Entry 
 - klass: 'com/sun/tools/javac/code/Scope$Entry'
RSP=0x000000002b11a6b0 is pointing into the stack for thread: 0x000000001b11c800
RBP=0x00000000db5b37e8 is an oop
[Lcom.sun.tools.javac.code.Scope$Entry; 
 - klass: 'com/sun/tools/javac/code/Scope$Entry'[]
 - length: 16
RSI=0x0000000000000002 is an unknown value
RDI=0x0000000000000006 is an unknown value
R8 =0x00000000dcb29900 is an oop
[Lcom.sun.tools.javac.code.Scope$Entry; 
 - klass: 'com/sun/tools/javac/code/Scope$Entry'[]
 - length: 32
R9 =0x0000000000000006 is an unknown value
R10=0x00000000006e594c is an unknown value
R11=0x00000000db5b37b8 is an oop
com.sun.tools.javac.code.Scope$StarImportScope 
 - klass: 'com/sun/tools/javac/code/Scope$StarImportScope'
R12=0x0000000000000000 is an unknown value
R13=0x00000000d678e690 is an oop
com.sun.tools.javac.util.UnsharedNameTable$NameImpl 
 - klass: 'com/sun/tools/javac/util/UnsharedNameTable$NameImpl'
R14=0x0000000000000010 is an unknown value
R15=0x000000001b11c800 is a thread


Stack: [0x000000002b020000,0x000000002b120000],  sp=0x000000002b11a6b0,  free space=1001k
Native frames: (J=compiled Java code, j=interpreted, Vv=VM code, C=native code)
C  0x0000000004afdd47


---------------  P R O C E S S  ---------------

Java Threads: ( => current thread )
  0x0000000020393000 JavaThread "Cache worker for Java compile cache (E:\MyAndroidProjects\newDesign\Mashawery2021n\Mashawery\Mashawery\.gradle\6.5\javaCompile)" [_thread_blocked, id=7136, stack(0x000000002cee0000,0x000000002cfe0000)]
  0x0000000020392800 JavaThread "Cache worker for execution history cache (E:\MyAndroidProjects\newDesign\Mashawery2021n\Mashawery\Mashawery\.gradle\6.5\executionHistory)" [_thread_blocked, id=13256, stack(0x000000002cde0000,0x000000002cee0000)]
  0x0000000020397000 JavaThread "Execution worker for ':' Thread 7" [_thread_blocked, id=10856, stack(0x000000002cce0000,0x000000002cde0000)]
  0x000000001cca1000 JavaThread "Execution worker for ':' Thread 6" [_thread_blocked, id=17064, stack(0x000000002cbe0000,0x000000002cce0000)]
  0x000000001cca5800 JavaThread "Execution worker for ':' Thread 5" [_thread_blocked, id=8324, stack(0x000000002c6e0000,0x000000002c7e0000)]
  0x000000001cca4000 JavaThread "Execution worker for ':' Thread 4" [_thread_blocked, id=8340, stack(0x000000002c120000,0x000000002c220000)]
  0x000000001cca3000 JavaThread "Execution worker for ':' Thread 3" [_thread_blocked, id=14136, stack(0x000000002b220000,0x000000002b320000)]
  0x000000001cca1800 JavaThread "Execution worker for ':' Thread 2" [_thread_blocked, id=4668, stack(0x000000002b120000,0x000000002b220000)]
=>0x000000001b11c800 JavaThread "Execution worker for ':'" [_thread_in_Java, id=7796, stack(0x000000002b020000,0x000000002b120000)]
  0x000000001b11c000 JavaThread "Cache worker for file content cache (E:\MyAndroidProjects\newDesign\Mashawery2021n\Mashawery\Mashawery\.gradle\6.5\fileContent)" [_thread_blocked, id=11036, stack(0x000000002af20000,0x000000002b020000)]
  0x000000001b11a800 JavaThread "Cache worker for Build Output Cleanup Cache (E:\MyAndroidProjects\newDesign\Mashawery2021n\Mashawery\Mashawery\.gradle\buildOutputCleanup)" [_thread_blocked, id=11652, stack(0x000000002ae20000,0x000000002af20000)]
  0x000000001b119000 JavaThread "jar transforms Thread 376" [_thread_blocked, id=16232, stack(0x000000002ad20000,0x000000002ae20000)]
  0x000000001b11f000 JavaThread "jar transforms Thread 375" [_thread_blocked, id=4124, stack(0x000000002ac20000,0x000000002ad20000)]
  0x000000001b11d800 JavaThread "jar transforms Thread 374" [_thread_blocked, id=16076, stack(0x000000002ab20000,0x000000002ac20000)]
  0x000000001b118000 JavaThread "jar transforms Thread 373" [_thread_blocked, id=11336, stack(0x000000002aa20000,0x000000002ab20000)]
  0x0000000021a90000 JavaThread "jar transforms Thread 372" [_thread_blocked, id=15456, stack(0x000000002a920000,0x000000002aa20000)]
  0x0000000021a8f800 JavaThread "jar transforms Thread 371" [_thread_blocked, id=3816, stack(0x000000002a820000,0x000000002a920000)]
  0x0000000021a8c800 JavaThread "jar transforms Thread 370" [_thread_blocked, id=16464, stack(0x000000002a720000,0x000000002a820000)]
  0x0000000021a8a000 JavaThread "jar transforms Thread 369" [_thread_blocked, id=13576, stack(0x000000002a620000,0x000000002a720000)]
  0x0000000021a91000 JavaThread "jar transforms Thread 368" [_thread_blocked, id=8744, stack(0x000000002a520000,0x000000002a620000)]
  0x0000000021a8b800 JavaThread "jar transforms Thread 367" [_thread_blocked, id=17780, stack(0x000000002a420000,0x000000002a520000)]
  0x0000000021a8e800 JavaThread "jar transforms Thread 366" [_thread_blocked, id=11136, stack(0x000000002a020000,0x000000002a120000)]
  0x0000000021a8e000 JavaThread "jar transforms Thread 365" [_thread_blocked, id=14804, stack(0x0000000029f20000,0x000000002a020000)]
  0x0000000021a82800 JavaThread "jar transforms Thread 364" [_thread_blocked, id=18056, stack(0x0000000029e20000,0x0000000029f20000)]
  0x0000000021a88800 JavaThread "jar transforms Thread 363" [_thread_blocked, id=12408, stack(0x0000000029d20000,0x0000000029e20000)]
  0x0000000021a84000 JavaThread "jar transforms Thread 362" [_thread_blocked, id=11012, stack(0x0000000029c20000,0x0000000029d20000)]
  0x0000000021a84800 JavaThread "jar transforms Thread 361" [_thread_blocked, id=13536, stack(0x0000000029b20000,0x0000000029c20000)]
  0x0000000021a83000 JavaThread "jar transforms Thread 360" [_thread_blocked, id=13020, stack(0x0000000029a20000,0x0000000029b20000)]
  0x0000000021a87000 JavaThread "jar transforms Thread 359" [_thread_blocked, id=8728, stack(0x0000000029920000,0x0000000029a20000)]
  0x0000000021a89800 JavaThread "jar transforms Thread 358" [_thread_blocked, id=1952, stack(0x0000000029820000,0x0000000029920000)]
  0x0000000021a85800 JavaThread "jar transforms Thread 357" [_thread_blocked, id=1992, stack(0x0000000029720000,0x0000000029820000)]
  0x0000000021a86800 JavaThread "jar transforms Thread 356" [_thread_blocked, id=5628, stack(0x0000000029620000,0x0000000029720000)]
  0x0000000031f36800 JavaThread "jar transforms Thread 355" [_thread_blocked, id=13548, stack(0x0000000029520000,0x0000000029620000)]
  0x0000000031f35800 JavaThread "jar transforms Thread 354" [_thread_blocked, id=13192, stack(0x0000000029420000,0x0000000029520000)]
  0x0000000031f37000 JavaThread "jar transforms Thread 353" [_thread_blocked, id=15836, stack(0x0000000029320000,0x0000000029420000)]
  0x0000000031f35000 JavaThread "jar transforms Thread 352" [_thread_blocked, id=17700, stack(0x0000000029220000,0x0000000029320000)]
  0x0000000031f2d800 JavaThread "jar transforms Thread 351" [_thread_blocked, id=6336, stack(0x0000000029120000,0x0000000029220000)]
  0x0000000031f33800 JavaThread "jar transforms Thread 350" [_thread_blocked, id=13892, stack(0x0000000029020000,0x0000000029120000)]
  0x0000000031f32000 JavaThread "jar transforms Thread 349" [_thread_blocked, id=5500, stack(0x0000000028f20000,0x0000000029020000)]
  0x0000000031f2a800 JavaThread "jar transforms Thread 348" [_thread_blocked, id=4916, stack(0x0000000028e20000,0x0000000028f20000)]
  0x0000000031f31000 JavaThread "jar transforms Thread 347" [_thread_blocked, id=13208, stack(0x0000000028d20000,0x0000000028e20000)]
  0x0000000031f29800 JavaThread "jar transforms Thread 346" [_thread_blocked, id=2004, stack(0x0000000028c20000,0x0000000028d20000)]
  0x0000000031f30800 JavaThread "jar transforms Thread 345" [_thread_blocked, id=13292, stack(0x0000000028b20000,0x0000000028c20000)]
  0x0000000031f2c000 JavaThread "jar transforms Thread 344" [_thread_blocked, id=16448, stack(0x0000000028a20000,0x0000000028b20000)]
  0x0000000031f29000 JavaThread "jar transforms Thread 343" [_thread_blocked, id=13720, stack(0x0000000028920000,0x0000000028a20000)]
  0x0000000031f2c800 JavaThread "jar transforms Thread 342" [_thread_blocked, id=17652, stack(0x0000000028820000,0x0000000028920000)]
  0x0000000031f2e000 JavaThread "jar transforms Thread 341" [_thread_blocked, id=14224, stack(0x0000000028720000,0x0000000028820000)]
  0x0000000031f28000 JavaThread "jar transforms Thread 340" [_thread_blocked, id=16784, stack(0x0000000028620000,0x0000000028720000)]
  0x0000000031f2b000 JavaThread "jar transforms Thread 339" [_thread_blocked, id=17612, stack(0x0000000028520000,0x0000000028620000)]
  0x000000001f5da800 JavaThread "jar transforms Thread 338" [_thread_blocked, id=15116, stack(0x0000000028420000,0x0000000028520000)]
  0x000000001f5d9000 JavaThread "jar transforms Thread 337" [_thread_blocked, id=14788, stack(0x0000000028320000,0x0000000028420000)]
  0x000000001f5d7800 JavaThread "jar transforms Thread 336" [_thread_blocked, id=14844, stack(0x0000000028220000,0x0000000028320000)]
  0x000000001f5d6000 JavaThread "jar transforms Thread 335" [_thread_blocked, id=8224, stack(0x0000000028120000,0x0000000028220000)]
  0x000000001f5d6800 JavaThread "jar transforms Thread 334" [_thread_blocked, id=432, stack(0x0000000028020000,0x0000000028120000)]
  0x000000001f5d9800 JavaThread "jar transforms Thread 333" [_thread_blocked, id=10460, stack(0x0000000027f20000,0x0000000028020000)]
  0x000000001f5d5000 JavaThread "jar transforms Thread 332" [_thread_blocked, id=5108, stack(0x0000000027e20000,0x0000000027f20000)]
  0x000000001f5d3000 JavaThread "jar transforms Thread 331" [_thread_blocked, id=11556, stack(0x0000000027d20000,0x0000000027e20000)]
  0x000000001f5d2000 JavaThread "jar transforms Thread 330" [_thread_blocked, id=7228, stack(0x0000000027c20000,0x0000000027d20000)]
  0x000000001f5d8000 JavaThread "jar transforms Thread 329" [_thread_blocked, id=14904, stack(0x0000000027b20000,0x0000000027c20000)]
  0x000000001f5d3800 JavaThread "jar transforms Thread 328" [_thread_blocked, id=16040, stack(0x0000000027a20000,0x0000000027b20000)]
  0x000000001f5d4800 JavaThread "jar transforms Thread 327" [_thread_blocked, id=12924, stack(0x0000000027920000,0x0000000027a20000)]
  0x000000001f5cb800 JavaThread "jar transforms Thread 326" [_thread_blocked, id=18376, stack(0x0000000027820000,0x0000000027920000)]
  0x000000001f5d1800 JavaThread "jar transforms Thread 325" [_thread_blocked, id=14968, stack(0x0000000027720000,0x0000000027820000)]
  0x000000001f5cf000 JavaThread "jar transforms Thread 324" [_thread_blocked, id=9592, stack(0x0000000027620000,0x0000000027720000)]
  0x000000001f5d0800 JavaThread "jar transforms Thread 323" [_thread_blocked, id=18424, stack(0x0000000027520000,0x0000000027620000)]
  0x000000001f5cd000 JavaThread "jar transforms Thread 322" [_thread_blocked, id=14820, stack(0x0000000027420000,0x0000000027520000)]
  0x000000002028d000 JavaThread "jar transforms Thread 321" [_thread_blocked, id=14168, stack(0x0000000027320000,0x0000000027420000)]
  0x000000002028d800 JavaThread "jar transforms Thread 320" [_thread_blocked, id=13272, stack(0x0000000027220000,0x0000000027320000)]
  0x000000002028a800 JavaThread "jar transforms Thread 319" [_thread_blocked, id=14044, stack(0x0000000027120000,0x0000000027220000)]
  0x000000002028c000 JavaThread "jar transforms Thread 318" [_thread_blocked, id=1768, stack(0x0000000027020000,0x0000000027120000)]
  0x000000002028e800 JavaThread "jar transforms Thread 317" [_thread_blocked, id=10404, stack(0x0000000026f20000,0x0000000027020000)]
  0x000000002028a000 JavaThread "jar transforms Thread 316" [_thread_blocked, id=8424, stack(0x0000000026e20000,0x0000000026f20000)]
  0x000000002028b800 JavaThread "jar transforms Thread 315" [_thread_blocked, id=17564, stack(0x0000000026d20000,0x0000000026e20000)]
  0x0000000020281800 JavaThread "jar transforms Thread 314" [_thread_blocked, id=14244, stack(0x0000000026c20000,0x0000000026d20000)]
  0x0000000020280800 JavaThread "jar transforms Thread 313" [_thread_blocked, id=13180, stack(0x0000000026b20000,0x0000000026c20000)]
  0x0000000020286000 JavaThread "jar transforms Thread 312" [_thread_blocked, id=14852, stack(0x0000000026a20000,0x0000000026b20000)]
  0x0000000020287800 JavaThread "jar transforms Thread 311" [_thread_blocked, id=1924, stack(0x0000000026920000,0x0000000026a20000)]
  0x0000000020284800 JavaThread "jar transforms Thread 310" [_thread_blocked, id=8504, stack(0x0000000026820000,0x0000000026920000)]
  0x0000000020286800 JavaThread "jar transforms Thread 309" [_thread_blocked, id=6292, stack(0x0000000026720000,0x0000000026820000)]
  0x000000002027f000 JavaThread "jar transforms Thread 308" [_thread_blocked, id=1988, stack(0x0000000026620000,0x0000000026720000)]
  0x0000000020285000 JavaThread "jar transforms Thread 307" [_thread_blocked, id=16516, stack(0x0000000026520000,0x0000000026620000)]
  0x0000000020282000 JavaThread "jar transforms Thread 306" [_thread_blocked, id=11944, stack(0x0000000026420000,0x0000000026520000)]
  0x0000000020280000 JavaThread "jar transforms Thread 305" [_thread_blocked, id=10620, stack(0x0000000026320000,0x0000000026420000)]
  0x0000000020283800 JavaThread "jar transforms Thread 304" [_thread_blocked, id=2128, stack(0x0000000026220000,0x0000000026320000)]
  0x0000000020283000 JavaThread "jar transforms Thread 303" [_thread_blocked, id=17940, stack(0x0000000026120000,0x0000000026220000)]
  0x00000000223c2000 JavaThread "jar transforms Thread 302" [_thread_blocked, id=14596, stack(0x0000000026020000,0x0000000026120000)]
  0x00000000223c1000 JavaThread "jar transforms Thread 301" [_thread_blocked, id=15672, stack(0x0000000025f20000,0x0000000026020000)]
  0x00000000223c0800 JavaThread "jar transforms Thread 300" [_thread_blocked, id=11140, stack(0x0000000025e20000,0x0000000025f20000)]
  0x00000000223c2800 JavaThread "jar transforms Thread 299" [_thread_blocked, id=14772, stack(0x0000000025d20000,0x0000000025e20000)]
  0x00000000223bf800 JavaThread "jar transforms Thread 298" [_thread_blocked, id=14464, stack(0x0000000025c20000,0x0000000025d20000)]
  0x00000000223bf000 JavaThread "jar transforms Thread 297" [_thread_blocked, id=7156, stack(0x0000000025b20000,0x0000000025c20000)]
  0x00000000223b7800 JavaThread "jar transforms Thread 296" [_thread_blocked, id=10852, stack(0x0000000025a20000,0x0000000025b20000)]
  0x00000000223be000 JavaThread "jar transforms Thread 295" [_thread_blocked, id=2796, stack(0x0000000025920000,0x0000000025a20000)]
  0x00000000223bd800 JavaThread "jar transforms Thread 294" [_thread_blocked, id=8136, stack(0x0000000025820000,0x0000000025920000)]
  0x00000000223bc800 JavaThread "jar transforms Thread 293" [_thread_blocked, id=11476, stack(0x0000000025720000,0x0000000025820000)]
  0x00000000223b9800 JavaThread "jar transforms Thread 292" [_thread_blocked, id=15984, stack(0x0000000025620000,0x0000000025720000)]
  0x00000000223b5000 JavaThread "jar transforms Thread 291" [_thread_blocked, id=13236, stack(0x0000000025520000,0x0000000025620000)]
  0x00000000223b9000 JavaThread "jar transforms Thread 290" [_thread_blocked, id=13688, stack(0x0000000025420000,0x0000000025520000)]
  0x00000000223ba800 JavaThread "jar transforms Thread 289" [_thread_blocked, id=10428, stack(0x0000000025320000,0x0000000025420000)]
  0x00000000223bc000 JavaThread "jar transforms Thread 288" [_thread_blocked, id=2640, stack(0x0000000025220000,0x0000000025320000)]
  0x00000000223b8000 JavaThread "jar transforms Thread 287" [_thread_blocked, id=7840, stack(0x0000000025120000,0x0000000025220000)]
  0x00000000223b4800 JavaThread "jar transforms Thread 286" [_thread_blocked, id=16764, stack(0x0000000024f20000,0x0000000025020000)]
  0x00000000223bb000 JavaThread "jar transforms Thread 285" [_thread_blocked, id=17300, stack(0x0000000024e20000,0x0000000024f20000)]
  0x00000000223b6800 JavaThread "jar transforms Thread 284" [_thread_blocked, id=14500, stack(0x0000000024d20000,0x0000000024e20000)]
  0x000000001cfe6000 JavaThread "jar transforms Thread 283" [_thread_blocked, id=10936, stack(0x0000000024c20000,0x0000000024d20000)]
  0x000000001cfe4800 JavaThread "Build operations Thread 8" [_thread_blocked, id=13444, stack(0x0000000024b20000,0x0000000024c20000)]
  0x000000001cfe5000 JavaThread "Build operations Thread 7" [_thread_blocked, id=11580, stack(0x0000000024a20000,0x0000000024b20000)]
  0x000000001cfe3800 JavaThread "Build operations Thread 6" [_thread_blocked, id=9660, stack(0x0000000024920000,0x0000000024a20000)]
  0x000000001cfe2000 JavaThread "Build operations Thread 5" [_thread_blocked, id=14424, stack(0x0000000024820000,0x0000000024920000)]
  0x000000001cfe3000 JavaThread "Build operations Thread 4" [_thread_blocked, id=17024, stack(0x0000000021740000,0x0000000021840000)]
  0x000000001cfe1000 JavaThread "Build operations Thread 3" [_thread_blocked, id=2748, stack(0x0000000021540000,0x0000000021640000)]
  0x000000001cfd9800 JavaThread "Build operations Thread 2" [_thread_blocked, id=10420, stack(0x0000000021440000,0x0000000021540000)]
  0x000000001cfdf800 JavaThread "Build operations" [_thread_blocked, id=12708, stack(0x0000000021340000,0x0000000021440000)]
  0x000000001cfe0800 JavaThread "Cache worker for cache directory md-rule (C:\Users\msalah\.gradle\caches\6.5\md-rule)" [_thread_blocked, id=13732, stack(0x000000001fe50000,0x000000001ff50000)]
  0x000000001cfdf000 JavaThread "Cache worker for cache directory md-supplier (C:\Users\msalah\.gradle\caches\6.5\md-supplier)" [_thread_blocked, id=11364, stack(0x000000001e880000,0x000000001e980000)]
  0x000000001cfdb000 JavaThread "Cache worker for checksums cache (E:\MyAndroidProjects\newDesign\Mashawery2021n\Mashawery\Mashawery\.gradle\checksums)" [_thread_blocked, id=17480, stack(0x000000001e580000,0x000000001e680000)]
  0x000000001cfd7800 JavaThread "Cache worker for file hash cache (E:\MyAndroidProjects\newDesign\Mashawery2021n\Mashawery\Mashawery\.gradle\6.5\fileHashes)" [_thread_blocked, id=2384, stack(0x000000001e480000,0x000000001e580000)]
  0x000000001cfd9000 JavaThread "Thread-470" [_thread_blocked, id=3188, stack(0x000000001e380000,0x000000001e480000)]
  0x000000001cfde000 JavaThread "Stdin handler" [_thread_blocked, id=16492, stack(0x000000001e280000,0x000000001e380000)]
  0x000000001cfdd800 JavaThread "Asynchronous log dispatcher for DefaultDaemonConnection: socket connection from /127.0.0.1:3042 to /127.0.0.1:3210" [_thread_blocked, id=18220, stack(0x000000001dc40000,0x000000001dd40000)]
  0x000000001cfd6800 JavaThread "Daemon worker Thread 3" [_thread_blocked, id=13172, stack(0x000000001db40000,0x000000001dc40000)]
  0x000000001cfdc800 JavaThread "Cancel handler" [_thread_blocked, id=3912, stack(0x0000000001370000,0x0000000001470000)]
  0x000000001cfdc000 JavaThread "Handler for socket connection from /127.0.0.1:3042 to /127.0.0.1:3210" [_thread_in_native, id=10480, stack(0x0000000001270000,0x0000000001370000)]
  0x000000001cfd8000 JavaThread "Daemon Thread 3" [_thread_blocked, id=4956, stack(0x0000000001170000,0x0000000001270000)]
  0x0000000021a8b000 JavaThread "Cache worker for Java compile cache (C:\Users\msalah\.gradle\caches\6.5\javaCompile)" [_thread_blocked, id=12280, stack(0x000000002eb00000,0x000000002ec00000)]
  0x00000000223b6000 JavaThread "Memory manager" [_thread_blocked, id=6240, stack(0x000000002a320000,0x000000002a420000)]
  0x000000001cc9e800 JavaThread "Cache worker for file content cache (C:\Users\msalah\.gradle\caches\6.5\fileContent)" [_thread_blocked, id=12388, stack(0x0000000022c90000,0x0000000022d90000)]
  0x000000001cca2800 JavaThread "Cache worker for execution history cache (C:\Users\msalah\.gradle\caches\6.5\executionHistory)" [_thread_blocked, id=9576, stack(0x0000000021640000,0x0000000021740000)]
  0x000000001cca0000 JavaThread "Cache worker for file hash cache (C:\Users\msalah\.gradle\caches\6.5\fileHashes)" [_thread_blocked, id=15828, stack(0x000000001fd50000,0x000000001fe50000)]
  0x000000001cca4800 JavaThread "File lock request listener" [_thread_in_native, id=18252, stack(0x000000001ec80000,0x000000001ed80000)]
  0x000000001b0e6000 JavaThread "Cache worker for journal cache (C:\Users\msalah\.gradle\caches\journal-1)" [_thread_blocked, id=8064, stack(0x000000001eb80000,0x000000001ec80000)]
  0x000000001c8fb000 JavaThread "Daemon periodic checks" [_thread_blocked, id=16584, stack(0x000000001df80000,0x000000001e080000)]
  0x000000001c8a8800 JavaThread "Incoming local TCP Connector on port 3042" [_thread_in_native, id=7908, stack(0x000000001dd40000,0x000000001de40000)]
  0x000000001c7f0000 JavaThread "Daemon health stats" [_thread_blocked, id=9276, stack(0x000000001d700000,0x000000001d800000)]
  0x0000000019f26000 JavaThread "Service Thread" daemon [_thread_blocked, id=15368, stack(0x000000001ab60000,0x000000001ac60000)]
  0x0000000019eec000 JavaThread "C1 CompilerThread3" daemon [_thread_blocked, id=8444, stack(0x000000001aa60000,0x000000001ab60000)]
  0x0000000019e97000 JavaThread "C2 CompilerThread2" daemon [_thread_in_native, id=13148, stack(0x000000001a960000,0x000000001aa60000)]
  0x0000000019e94000 JavaThread "C2 CompilerThread1" daemon [_thread_in_native, id=17468, stack(0x000000001a860000,0x000000001a960000)]
  0x0000000019e8f800 JavaThread "C2 CompilerThread0" daemon [_thread_in_native, id=6920, stack(0x000000001a760000,0x000000001a860000)]
  0x0000000019edc800 JavaThread "Attach Listener" daemon [_thread_blocked, id=13636, stack(0x000000001a660000,0x000000001a760000)]
  0x0000000019edb800 JavaThread "Signal Dispatcher" daemon [_thread_blocked, id=13504, stack(0x000000001a560000,0x000000001a660000)]
  0x0000000003027800 JavaThread "Finalizer" daemon [_thread_blocked, id=12440, stack(0x000000001a360000,0x000000001a460000)]
  0x0000000019e80800 JavaThread "Reference Handler" daemon [_thread_blocked, id=13532, stack(0x000000001a260000,0x000000001a360000)]
  0x0000000002ece000 JavaThread "main" [_thread_blocked, id=7680, stack(0x0000000002d90000,0x0000000002e90000)]

Other Threads:
  0x0000000018098000 VMThread [stack: 0x0000000019d60000,0x0000000019e60000] [id=15952]
  0x0000000019f76800 WatcherThread [stack: 0x000000001ac60000,0x000000001ad60000] [id=15780]

VM state:not at safepoint (normal execution)

VM Mutex/Monitor currently owned by a thread: None

heap address: 0x0000000080000000, size: 2048 MB, Compressed Oops mode: 32-bit
Narrow klass base: 0x0000000000000000, Narrow klass shift: 3
Compressed class space size: 1073741824 Address: 0x0000000100000000

Heap:
 PSYoungGen      total 524288K, used 180298K [0x00000000d5580000, 0x00000000fec00000, 0x0000000100000000)
  eden space 396800K, 30% used [0x00000000d5580000,0x00000000dcb7c848,0x00000000ed900000)
  from space 127488K, 46% used [0x00000000f6f80000,0x00000000fa9962d0,0x00000000fec00000)
  to   space 140800K, 0% used [0x00000000ed900000,0x00000000ed900000,0x00000000f6280000)
 ParOldGen       total 463360K, used 306685K [0x0000000080000000, 0x000000009c480000, 0x00000000d5580000)
  object space 463360K, 66% used [0x0000000080000000,0x0000000092b7f5a0,0x000000009c480000)
 Metaspace       used 122688K, capacity 128734K, committed 129048K, reserved 1161216K
  class space    used 15430K, capacity 16581K, committed 16688K, reserved 1048576K

Card table byte_map: [0x00000000123f0000,0x0000000012800000] byte_map_base: 0x0000000011ff0000

Marking Bits: (ParMarkBitMap*) 0x000000006b59f030
 Begin Bits: [0x00000000132b0000, 0x00000000152b0000)
 End Bits:   [0x00000000152b0000, 0x00000000172b0000)

Polling page: 0x0000000001560000

CodeCache: size=245760Kb used=74942Kb max_used=74959Kb free=170817Kb
 bounds [0x0000000003030000, 0x00000000079d0000, 0x0000000012030000]
 total_blobs=21630 nmethods=20732 adapters=809
 compilation: enabled

Compilation events (10 events):
Event: 537.563 Thread 0x0000000019e97000 nmethod 27517 0x00000000079bbbd0 code [0x00000000079bbd20, 0x00000000079bbf38]
Event: 537.563 Thread 0x0000000019e97000 27516       4       com.sun.tools.javac.tree.TreeScanner::visitAssign (17 bytes)
Event: 537.564 Thread 0x0000000019e97000 nmethod 27516 0x000000000799d9d0 code [0x000000000799db20, 0x000000000799dbd8]
Event: 537.564 Thread 0x0000000019e97000 27515       4       com.sun.tools.javac.tree.JCTree$JCPrimitiveTypeTree::accept (6 bytes)
Event: 537.565 Thread 0x0000000019e97000 nmethod 27515 0x000000000673ec10 code [0x000000000673ed40, 0x000000000673edb8]
Event: 537.565 Thread 0x0000000019e97000 27519       4       com.sun.tools.javac.tree.TreeScanner::visitBlock (9 bytes)
Event: 537.568 Thread 0x0000000019e97000 nmethod 27519 0x00000000079b9290 code [0x00000000079b93e0, 0x00000000079b9518]
Event: 537.568 Thread 0x0000000019e97000 27522       4       com.sun.tools.javac.code.Symbol$ClassSymbol::<init> (52 bytes)
Event: 537.596 Thread 0x0000000019e97000 nmethod 27522 0x00000000079c1310 code [0x00000000079c14c0, 0x00000000079c1ed8]
Event: 537.596 Thread 0x0000000019e97000 27523       4       com.sun.tools.javac.jvm.ClassReader::includeClassFile (294 bytes)

GC Heap History (10 events):
Event: 109.575 GC heap before
{Heap before GC invocations=28 (full 4):
 PSYoungGen      total 585728K, used 585649K [0x00000000d5580000, 0x0000000100000000, 0x0000000100000000)
  eden space 480768K, 100% used [0x00000000d5580000,0x00000000f2b00000,0x00000000f2b00000)
  from space 104960K, 99% used [0x00000000f2b00000,0x00000000f916c4f0,0x00000000f9180000)
  to   space 113152K, 0% used [0x00000000f9180000,0x00000000f9180000,0x0000000100000000)
 ParOldGen       total 463360K, used 255637K [0x0000000080000000, 0x000000009c480000, 0x00000000d5580000)
  object space 463360K, 55% used [0x0000000080000000,0x000000008f9a57c0,0x000000009c480000)
 Metaspace       used 114813K, capacity 120470K, committed 120728K, reserved 1155072K
  class space    used 14605K, capacity 15709K, committed 15792K, reserved 1048576K
Event: 109.676 GC heap after
Heap after GC invocations=28 (full 4):
 PSYoungGen      total 568320K, used 64982K [0x00000000d5580000, 0x0000000100000000, 0x0000000100000000)
  eden space 455168K, 0% used [0x00000000d5580000,0x00000000d5580000,0x00000000f1200000)
  from space 113152K, 57% used [0x00000000f9180000,0x00000000fd0f5a58,0x0000000100000000)
  to   space 121856K, 0% used [0x00000000f1200000,0x00000000f1200000,0x00000000f8900000)
 ParOldGen       total 463360K, used 255645K [0x0000000080000000, 0x000000009c480000, 0x00000000d5580000)
  object space 463360K, 55% used [0x0000000080000000,0x000000008f9a77c0,0x000000009c480000)
 Metaspace       used 114813K, capacity 120470K, committed 120728K, reserved 1155072K
  class space    used 14605K, capacity 15709K, committed 15792K, reserved 1048576K
}
Event: 111.612 GC heap before
{Heap before GC invocations=29 (full 4):
 PSYoungGen      total 568320K, used 520150K [0x00000000d5580000, 0x0000000100000000, 0x0000000100000000)
  eden space 455168K, 100% used [0x00000000d5580000,0x00000000f1200000,0x00000000f1200000)
  from space 113152K, 57% used [0x00000000f9180000,0x00000000fd0f5a58,0x0000000100000000)
  to   space 121856K, 0% used [0x00000000f1200000,0x00000000f1200000,0x00000000f8900000)
 ParOldGen       total 463360K, used 255645K [0x0000000080000000, 0x000000009c480000, 0x00000000d5580000)
  object space 463360K, 55% used [0x0000000080000000,0x000000008f9a77c0,0x000000009c480000)
 Metaspace       used 114992K, capacity 120770K, committed 120984K, reserved 1155072K
  class space    used 14625K, capacity 15733K, committed 15792K, reserved 1048576K
Event: 111.799 GC heap after
Heap after GC invocations=29 (full 4):
 PSYoungGen      total 577024K, used 121850K [0x00000000d5580000, 0x0000000100000000, 0x0000000100000000)
  eden space 455168K, 0% used [0x00000000d5580000,0x00000000d5580000,0x00000000f1200000)
  from space 121856K, 99% used [0x00000000f1200000,0x00000000f88fea98,0x00000000f8900000)
  to   space 121856K, 0% used [0x00000000f8900000,0x00000000f8900000,0x0000000100000000)
 ParOldGen       total 463360K, used 288439K [0x0000000080000000, 0x000000009c480000, 0x00000000d5580000)
  object space 463360K, 62% used [0x0000000080000000,0x00000000919ade70,0x000000009c480000)
 Metaspace       used 114992K, capacity 120770K, committed 120984K, reserved 1155072K
  class space    used 14625K, capacity 15733K, committed 15792K, reserved 1048576K
}
Event: 114.433 GC heap before
{Heap before GC invocations=30 (full 4):
 PSYoungGen      total 577024K, used 577018K [0x00000000d5580000, 0x0000000100000000, 0x0000000100000000)
  eden space 455168K, 100% used [0x00000000d5580000,0x00000000f1200000,0x00000000f1200000)
  from space 121856K, 99% used [0x00000000f1200000,0x00000000f88fea98,0x00000000f8900000)
  to   space 121856K, 0% used [0x00000000f8900000,0x00000000f8900000,0x0000000100000000)
 ParOldGen       total 463360K, used 288439K [0x0000000080000000, 0x000000009c480000, 0x00000000d5580000)
  object space 463360K, 62% used [0x0000000080000000,0x00000000919ade70,0x000000009c480000)
 Metaspace       used 115054K, capacity 120868K, committed 120984K, reserved 1155072K
  class space    used 14627K, capacity 15736K, committed 15792K, reserved 1048576K
Event: 114.552 GC heap after
Heap after GC invocations=30 (full 4):
 PSYoungGen      total 512512K, used 90131K [0x00000000d5580000, 0x0000000100000000, 0x0000000100000000)
  eden space 390656K, 0% used [0x00000000d5580000,0x00000000d5580000,0x00000000ed300000)
  from space 121856K, 73% used [0x00000000f8900000,0x00000000fe104ca8,0x0000000100000000)
  to   space 154112K, 0% used [0x00000000ed300000,0x00000000ed300000,0x00000000f6980000)
 ParOldGen       total 463360K, used 290612K [0x0000000080000000, 0x000000009c480000, 0x00000000d5580000)
  object space 463360K, 62% used [0x0000000080000000,0x0000000091bcd080,0x000000009c480000)
 Metaspace       used 115054K, capacity 120868K, committed 120984K, reserved 1155072K
  class space    used 14627K, capacity 15736K, committed 15792K, reserved 1048576K
}
Event: 348.947 GC heap before
{Heap before GC invocations=31 (full 4):
 PSYoungGen      total 512512K, used 480787K [0x00000000d5580000, 0x0000000100000000, 0x0000000100000000)
  eden space 390656K, 100% used [0x00000000d5580000,0x00000000ed300000,0x00000000ed300000)
  from space 121856K, 73% used [0x00000000f8900000,0x00000000fe104ca8,0x0000000100000000)
  to   space 154112K, 0% used [0x00000000ed300000,0x00000000ed300000,0x00000000f6980000)
 ParOldGen       total 463360K, used 290612K [0x0000000080000000, 0x000000009c480000, 0x00000000d5580000)
  object space 463360K, 62% used [0x0000000080000000,0x0000000091bcd080,0x000000009c480000)
 Metaspace       used 115518K, capacity 121346K, committed 121496K, reserved 1155072K
  class space    used 14634K, capacity 15749K, committed 15792K, reserved 1048576K
Event: 349.095 GC heap after
Heap after GC invocations=31 (full 4):
 PSYoungGen      total 544768K, used 71923K [0x00000000d5580000, 0x0000000100000000, 0x0000000100000000)
  eden space 390656K, 0% used [0x00000000d5580000,0x00000000d5580000,0x00000000ed300000)
  from space 154112K, 46% used [0x00000000ed300000,0x00000000f193cc38,0x00000000f6980000)
  to   space 147968K, 0% used [0x00000000f6f80000,0x00000000f6f80000,0x0000000100000000)
 ParOldGen       total 463360K, used 306677K [0x0000000080000000, 0x000000009c480000, 0x00000000d5580000)
  object space 463360K, 66% used [0x0000000080000000,0x0000000092b7d5a0,0x000000009c480000)
 Metaspace       used 115518K, capacity 121346K, committed 121496K, reserved 1155072K
  class space    used 14634K, capacity 15749K, committed 15792K, reserved 1048576K
}
Event: 535.916 GC heap before
{Heap before GC invocations=32 (full 4):
 PSYoungGen      total 544768K, used 462569K [0x00000000d5580000, 0x0000000100000000, 0x0000000100000000)
  eden space 390656K, 99% used [0x00000000d5580000,0x00000000ed2fd9f0,0x00000000ed300000)
  from space 154112K, 46% used [0x00000000ed300000,0x00000000f193cc38,0x00000000f6980000)
  to   space 147968K, 0% used [0x00000000f6f80000,0x00000000f6f80000,0x0000000100000000)
 ParOldGen       total 463360K, used 306677K [0x0000000080000000, 0x000000009c480000, 0x00000000d5580000)
  object space 463360K, 66% used [0x0000000080000000,0x0000000092b7d5a0,0x000000009c480000)
 Metaspace       used 116150K, capacity 122194K, committed 122392K, reserved 1155072K
  class space    used 14697K, capacity 15875K, committed 15920K, reserved 1048576K
Event: 535.986 GC heap after
Heap after GC invocations=32 (full 4):
 PSYoungGen      total 524288K, used 59480K [0x00000000d5580000, 0x00000000fec00000, 0x0000000100000000)
  eden space 396800K, 0% used [0x00000000d5580000,0x00000000d5580000,0x00000000ed900000)
  from space 127488K, 46% used [0x00000000f6f80000,0x00000000fa9962d0,0x00000000fec00000)
  to   space 140800K, 0% used [0x00000000ed900000,0x00000000ed900000,0x00000000f6280000)
 ParOldGen       total 463360K, used 306685K [0x0000000080000000, 0x000000009c480000, 0x00000000d5580000)
  object space 463360K, 66% used [0x0000000080000000,0x0000000092b7f5a0,0x000000009c480000)
 Metaspace       used 116150K, capacity 122194K, committed 122392K, reserved 1155072K
  class space    used 14697K, capacity 15875K, committed 15920K, reserved 1048576K
}

Deoptimization events (10 events):
Event: 535.758 Thread 0x0000000020393000 Uncommon trap: reason=unstable_if action=reinterpret pc=0x00000000046bf358 method=org.gradle.cache.internal.btree.FileBackedBlockStore$BlockImpl.getPos()Lorg/gradle/cache/internal/btree/BlockPointer; @ 4
Event: 535.759 Thread 0x0000000020393000 Uncommon trap: reason=bimorphic action=maybe_recompile pc=0x0000000004e72874 method=java.io.DataOutputStream.writeLong(J)V @ 108
Event: 535.759 Thread 0x0000000020393000 Uncommon trap: reason=bimorphic action=maybe_recompile pc=0x0000000004e72874 method=java.io.DataOutputStream.writeLong(J)V @ 108
Event: 535.759 Thread 0x0000000020393000 Uncommon trap: reason=bimorphic action=maybe_recompile pc=0x0000000004e72874 method=java.io.DataOutputStream.writeLong(J)V @ 108
Event: 535.759 Thread 0x0000000020393000 Uncommon trap: reason=bimorphic action=maybe_recompile pc=0x0000000004e72874 method=java.io.DataOutputStream.writeLong(J)V @ 108
Event: 535.760 Thread 0x0000000020393000 Uncommon trap: reason=unstable_if action=reinterpret pc=0x0000000006fa3360 method=java.io.BufferedOutputStream.write([BII)V @ 35
Event: 535.762 Thread 0x0000000020393000 Uncommon trap: reason=unstable_if action=reinterpret pc=0x00000000062766c8 method=java.io.BufferedOutputStream.write([BII)V @ 35
Event: 537.024 Thread 0x000000001b11c800 Uncommon trap: reason=unstable_if action=reinterpret pc=0x00000000078d8a7c method=org.sqlite.SQLiteJDBCLoader.contentsEquals(Ljava/io/InputStream;Ljava/io/InputStream;)Z @ 39
Event: 537.215 Thread 0x000000001b11c800 Uncommon trap: reason=unstable_if action=reinterpret pc=0x00000000078ffdfc method=org.antlr.v4.runtime.atn.ATNState.addTransition(ILorg/antlr/v4/runtime/atn/Transition;)V @ 115
Event: 537.517 Thread 0x000000001b11c800 Uncommon trap: reason=class_check action=maybe_recompile pc=0x0000000005062b7c method=java.util.regex.Pattern$BnM.match(Ljava/util/regex/Matcher;ILjava/lang/CharSequence;)Z @ 111

Classes redefined (0 events):
No events

Internal exceptions (10 events):
Event: 534.756 Thread 0x000000001cfd6800 Exception <a 'sun/nio/fs/WindowsException'> (0x00000000e41ec3a0) thrown at [C:\src\AOSP-openjdk-git\hotspot\src\share\vm\prims\jni.cpp, line 710]
Event: 535.690 Thread 0x000000001b11c800 Exception <a 'sun/nio/fs/WindowsException'> (0x00000000ec953ae8) thrown at [C:\src\AOSP-openjdk-git\hotspot\src\share\vm\prims\jni.cpp, line 710]
Event: 535.690 Thread 0x000000001b11c800 Exception <a 'sun/nio/fs/WindowsException'> (0x00000000ec954800) thrown at [C:\src\AOSP-openjdk-git\hotspot\src\share\vm\prims\jni.cpp, line 710]
Event: 535.692 Thread 0x000000001b11c800 Exception <a 'sun/nio/fs/WindowsException'> (0x00000000ec9584f0) thrown at [C:\src\AOSP-openjdk-git\hotspot\src\share\vm\prims\jni.cpp, line 710]
Event: 535.692 Thread 0x000000001b11c800 Exception <a 'sun/nio/fs/WindowsException'> (0x00000000ec959250) thrown at [C:\src\AOSP-openjdk-git\hotspot\src\share\vm\prims\jni.cpp, line 710]
Event: 535.693 Thread 0x000000001b11c800 Exception <a 'sun/nio/fs/WindowsException'> (0x00000000ec960198) thrown at [C:\src\AOSP-openjdk-git\hotspot\src\share\vm\prims\jni.cpp, line 710]
Event: 535.693 Thread 0x000000001b11c800 Exception <a 'sun/nio/fs/WindowsException'> (0x00000000ec960f08) thrown at [C:\src\AOSP-openjdk-git\hotspot\src\share\vm\prims\jni.cpp, line 710]
Event: 535.753 Thread 0x0000000020393000 Implicit null exception at 0x000000000715069c to 0x00000000071542e5
Event: 537.536 Thread 0x000000001b11c800 Exception <a 'java/lang/NullPointerException'> (0x00000000db3b8f68) thrown at [C:\src\AOSP-openjdk-git\hotspot\src\share\vm\interpreter\linkResolver.cpp, line 1185]
Event: 537.667 Thread 0x000000001b11c800 Implicit null exception at 0x0000000004afdd47 to 0x0000000000000000

Events (10 events):
Event: 537.539 loading class com/google/common/collect/Iterables$5
Event: 537.539 loading class com/google/common/collect/Iterables$5 done
Event: 537.539 loading class com/google/common/collect/FluentIterable
Event: 537.539 loading class com/google/common/collect/FluentIterable done
Event: 537.541 loading class com/google/common/collect/FluentIterable$3
Event: 537.541 loading class com/google/common/collect/FluentIterable$3 done
Event: 537.541 loading class com/google/common/collect/FluentIterable$1
Event: 537.541 loading class com/google/common/collect/FluentIterable$1 done
Event: 537.542 loading class com/google/common/collect/FluentIterable$2
Event: 537.542 loading class com/google/common/collect/FluentIterable$2 done


Dynamic libraries:
0x00007ff7fe130000 - 0x00007ff7fe161000 	C:\Program Files\Android\Android Studio\jre\bin\java.exe
0x00007ff8a7670000 - 0x00007ff8a7866000 	C:\Windows\SYSTEM32\ntdll.dll
0x00007ff8a5ad0000 - 0x00007ff8a5b8d000 	C:\Windows\System32\KERNEL32.DLL
0x00007ff8a50b0000 - 0x00007ff8a5379000 	C:\Windows\System32\KERNELBASE.dll
0x00007ff8a5a20000 - 0x00007ff8a5acc000 	C:\Windows\System32\ADVAPI32.dll
0x00007ff8a6af0000 - 0x00007ff8a6b8e000 	C:\Windows\System32\msvcrt.dll
0x00007ff8a5730000 - 0x00007ff8a57cc000 	C:\Windows\System32\sechost.dll
0x00007ff8a69c0000 - 0x00007ff8a6aeb000 	C:\Windows\System32\RPCRT4.dll
0x00007ff8a57d0000 - 0x00007ff8a5970000 	C:\Windows\System32\USER32.dll
0x00007ff8a5380000 - 0x00007ff8a53a2000 	C:\Windows\System32\win32u.dll
0x00007ff8a5ba0000 - 0x00007ff8a5bca000 	C:\Windows\System32\GDI32.dll
0x00007ff8a55c0000 - 0x00007ff8a56cb000 	C:\Windows\System32\gdi32full.dll
0x00007ff8a5010000 - 0x00007ff8a50ad000 	C:\Windows\System32\msvcp_win.dll
0x00007ff8a4f10000 - 0x00007ff8a5010000 	C:\Windows\System32\ucrtbase.dll
0x00007ff8a4190000 - 0x00007ff8a442b000 	C:\Windows\WinSxS\amd64_microsoft.windows.common-controls_6595b64144ccf1df_6.0.19041.746_none_ca02b4b61b8320a4\COMCTL32.dll
0x00007ff8a6b90000 - 0x00007ff8a6bc0000 	C:\Windows\System32\IMM32.DLL
0x000000006ab80000 - 0x000000006ac52000 	C:\Program Files\Android\Android Studio\jre\jre\bin\msvcr100.dll
0x000000006add0000 - 0x000000006b61b000 	C:\Program Files\Android\Android Studio\jre\jre\bin\server\jvm.dll
0x00007ff8a6930000 - 0x00007ff8a6938000 	C:\Windows\System32\PSAPI.DLL
0x00007ff895ed0000 - 0x00007ff895ed9000 	C:\Windows\SYSTEM32\WSOCK32.dll
0x00007ff889010000 - 0x00007ff889037000 	C:\Windows\SYSTEM32\WINMM.dll
0x00007ff89e120000 - 0x00007ff89e12a000 	C:\Windows\SYSTEM32\VERSION.dll
0x00007ff8a5de0000 - 0x00007ff8a5e4b000 	C:\Windows\System32\WS2_32.dll
0x00007ff895e10000 - 0x00007ff895e1f000 	C:\Program Files\Android\Android Studio\jre\jre\bin\verify.dll
0x00007ff87e4e0000 - 0x00007ff87e509000 	C:\Program Files\Android\Android Studio\jre\jre\bin\java.dll
0x00007ff87ec60000 - 0x00007ff87ec76000 	C:\Program Files\Android\Android Studio\jre\jre\bin\zip.dll
0x00007ff8a61e0000 - 0x00007ff8a6922000 	C:\Windows\System32\SHELL32.dll
0x00007ff8a21e0000 - 0x00007ff8a2970000 	C:\Windows\SYSTEM32\windows.storage.dll
0x00007ff8a71d0000 - 0x00007ff8a7526000 	C:\Windows\System32\combase.dll
0x00007ff8a4120000 - 0x00007ff8a414c000 	C:\Windows\SYSTEM32\Wldp.dll
0x00007ff8a5970000 - 0x00007ff8a5a1e000 	C:\Windows\System32\SHCORE.dll
0x00007ff8a5d80000 - 0x00007ff8a5dd5000 	C:\Windows\System32\shlwapi.dll
0x00007ff8a4ce0000 - 0x00007ff8a4d06000 	C:\Windows\SYSTEM32\profapi.dll
0x00007ff87eba0000 - 0x00007ff87ebba000 	C:\Program Files\Android\Android Studio\jre\jre\bin\net.dll
0x00007ff8a3ed0000 - 0x00007ff8a3f3a000 	C:\Windows\system32\mswsock.dll
0x00007ff87e3c0000 - 0x00007ff87e3d3000 	C:\Program Files\Android\Android Studio\jre\jre\bin\nio.dll
0x00007ff87eb70000 - 0x00007ff87eb97000 	C:\Users\msalah\.gradle\native\f6784746aeab05261644944871eae4fe03e0ef1612fff0a4a95f87b438bc6780\windows-amd64\native-platform.dll
0x00007ff8842e0000 - 0x00007ff8842ed000 	C:\Program Files\Android\Android Studio\jre\jre\bin\management.dll
0x00007ff8a4b30000 - 0x00007ff8a4b48000 	C:\Windows\SYSTEM32\CRYPTSP.dll
0x00007ff8a3860000 - 0x00007ff8a3894000 	C:\Windows\system32\rsaenh.dll
0x00007ff8a4e80000 - 0x00007ff8a4ea7000 	C:\Windows\System32\bcrypt.dll
0x00007ff8a4c60000 - 0x00007ff8a4c8e000 	C:\Windows\SYSTEM32\USERENV.dll
0x00007ff8a4e00000 - 0x00007ff8a4e80000 	C:\Windows\System32\bcryptprimitives.dll
0x00007ff8a3f60000 - 0x00007ff8a3f6c000 	C:\Windows\SYSTEM32\CRYPTBASE.dll
0x00007ff8a3b90000 - 0x00007ff8a3bcb000 	C:\Windows\SYSTEM32\IPHLPAPI.DLL
0x00007ff8a75c0000 - 0x00007ff8a75c8000 	C:\Windows\System32\NSI.dll
0x00007ff89ce90000 - 0x00007ff89cea7000 	C:\Windows\SYSTEM32\dhcpcsvc6.DLL
0x00007ff89d400000 - 0x00007ff89d41d000 	C:\Windows\SYSTEM32\dhcpcsvc.DLL
0x00007ff8a3bd0000 - 0x00007ff8a3c9b000 	C:\Windows\SYSTEM32\DNSAPI.dll
0x00007ff89d640000 - 0x00007ff89d64b000 	C:\Windows\SYSTEM32\WINNSI.DLL
0x0000000066e00000 - 0x0000000066f03000 	C:\Users\msalah\AppData\Local\Temp\sqlite-3.25.2-02501f43-1a59-4140-944c-afdc03e85fb5-sqlitejdbc.dll
0x0000000032b00000 - 0x0000000032c03000 	C:\Users\msalah\AppData\Local\Temp\sqlite-3.25.2-924ac63c-1fd0-45ce-a53b-eba46943604e-sqlitejdbc.dll
0x000000002e7b0000 - 0x000000002e8b3000 	C:\Users\msalah\AppData\Local\Temp\sqlite-3.25.2-69e1bb8f-634f-4825-8196-a5218e1222b6-sqlitejdbc.dll
0x00007ff8a4630000 - 0x00007ff8a4814000 	C:\Windows\SYSTEM32\dbghelp.dll

VM Arguments:
jvm_args: -Xmx2048m -Dfile.encoding=UTF-8 -Duser.country=US -Duser.language=en -Duser.variant 
java_command: org.gradle.launcher.daemon.bootstrap.GradleDaemon 6.5
java_class_path (initial): C:\Users\msalah\.gradle\wrapper\dists\gradle-6.5-bin\6nifqtx7604sqp1q6g8wikw7p\gradle-6.5\lib\gradle-launcher-6.5.jar
Launcher Type: SUN_STANDARD

Environment Variables:
JAVA_HOME=C:\Program Files\Java\jdk1.8.0_112
PATH=C:\Program Files\Java\jdk1.8.0_112\bin;C:\Devolpement Tools\groovy-2.5.14\groovy-2.5.14\bin;C:\Devolpement Tools\gradle-6.8.2\bin;C:\ProgramData\Oracle\Java\javapath;C:\Windows\system32;C:\Windows;C:\Windows\System32\Wbem;C:\Windows\System32\WindowsPowerShell\v1.0\;C:\Windows\System32\OpenSSH\;C:\Program Files\Git\cmd;C:\Users\msalah\AppData\Local\Microsoft\WindowsApps;;C:\Devolpement Tools\Microsoft VS Code\bin;C:\Program Files\JetBrains\IntelliJ IDEA Educational Edition 2020.3\bin;
USERNAME=msalah
OS=Windows_NT
PROCESSOR_IDENTIFIER=Intel64 Family 6 Model 142 Stepping 11, GenuineIntel



---------------  S Y S T E M  ---------------

OS: Windows 10.0 , 64 bit Build 19041 (10.0.19041.804)

CPU:total 8 (initial active 8) (4 cores per cpu, 2 threads per core) family 6 model 142 stepping 11, cmov, cx8, fxsr, mmx, sse, sse2, sse3, ssse3, sse4.1, sse4.2, popcnt, avx, avx2, aes, clmul, erms, 3dnowpref, lzcnt, ht, tsc, tscinvbit, bmi1, bmi2, adx

Memory: 4k page, physical 16660740k(4918908k free), swap 20855044k(5015952k free)

vm_info: OpenJDK 64-Bit Server VM (25.242-b01) for windows-amd64 JRE (1.8.0_242-release-1644-b01), built by "builder" with MS VC++ 10.0 (VS2010)

time: Mon Mar 01 21:08:16 2021
timezone: Egypt Standard Time
elapsed time: 537 seconds (0d 0h 8m 57s)

