#
# A fatal error has been detected by the Java Runtime Environment:
#
#  Internal Error (chaitin.cpp:904), pid=17324, tid=0x0000000000003cb8
#  Error: ShouldNotReachHere()
#
# JRE version: OpenJDK Runtime Environment (8.0_242-b01) (build 1.8.0_242-release-1644-b01)
# Java VM: OpenJDK 64-Bit Server VM (25.242-b01 mixed mode windows-amd64 compressed oops)
# Failed to write core dump. Minidumps are not enabled by default on client versions of Windows
#
# If you would like to submit a bug report, please visit:
#   
#

---------------  T H R E A D  ---------------

Current thread (0x0000000019d64800):  JavaThread "C2 CompilerThread0" daemon [_thread_in_native, id=15544, stack(0x000000001a650000,0x000000001a750000)]

Stack: [0x000000001a650000,0x000000001a750000]
[error occurred during error reporting (printing stack bounds), id 0xc0000005]

Native frames: (J=compiled Java code, j=interpreted, Vv=VM code, C=native code)


Current CompileTask:
C2:   8019 4728   !   4       com.sun.beans.TypeResolver::resolve (274 bytes)


---------------  P R O C E S S  ---------------

Java Threads: ( => current thread )
  0x000000001d19c800 JavaThread "Cache worker for Build Output Cleanup Cache (E:\MyAndroidProjects\newDesign\Mashawery\.gradle\buildOutputCleanup)" [_thread_blocked, id=13480, stack(0x000000002b310000,0x000000002b410000)]
  0x000000001cfba000 JavaThread "jar transforms Thread 94" [_thread_blocked, id=4840, stack(0x000000002ad30000,0x000000002ae30000)]
  0x000000001cfb9000 JavaThread "jar transforms Thread 93" [_thread_blocked, id=10060, stack(0x000000002ac30000,0x000000002ad30000)]
  0x000000001cfb8800 JavaThread "jar transforms Thread 92" [_thread_blocked, id=16388, stack(0x000000002ab30000,0x000000002ac30000)]
  0x000000001cfb7800 JavaThread "jar transforms Thread 91" [_thread_blocked, id=3124, stack(0x000000002aa30000,0x000000002ab30000)]
  0x000000001cfb1000 JavaThread "jar transforms Thread 90" [_thread_blocked, id=9452, stack(0x000000002a930000,0x000000002aa30000)]
  0x000000001cfb0000 JavaThread "jar transforms Thread 89" [_thread_blocked, id=18400, stack(0x000000002a830000,0x000000002a930000)]
  0x000000001cfb7000 JavaThread "jar transforms Thread 88" [_thread_blocked, id=2404, stack(0x000000002a730000,0x000000002a830000)]
  0x000000001cfb6000 JavaThread "jar transforms Thread 87" [_thread_blocked, id=18692, stack(0x000000002a630000,0x000000002a730000)]
  0x000000001cfb5800 JavaThread "jar transforms Thread 86" [_thread_blocked, id=2384, stack(0x000000002a530000,0x000000002a630000)]
  0x000000001cfae000 JavaThread "jar transforms Thread 85" [_thread_blocked, id=17512, stack(0x000000002a430000,0x000000002a530000)]
  0x000000001cfb4000 JavaThread "jar transforms Thread 84" [_thread_blocked, id=9672, stack(0x000000002a330000,0x000000002a430000)]
  0x000000001cfb4800 JavaThread "jar transforms Thread 83" [_thread_blocked, id=6972, stack(0x000000002a230000,0x000000002a330000)]
  0x000000001cfb3000 JavaThread "jar transforms Thread 82" [_thread_blocked, id=1016, stack(0x000000002a130000,0x000000002a230000)]
  0x000000001cfb2800 JavaThread "jar transforms Thread 81" [_thread_blocked, id=8348, stack(0x000000002a030000,0x000000002a130000)]
  0x000000001cfad000 JavaThread "jar transforms Thread 80" [_thread_blocked, id=8224, stack(0x0000000029f30000,0x000000002a030000)]
  0x000000001cfaf800 JavaThread "jar transforms Thread 79" [_thread_blocked, id=14988, stack(0x0000000029e30000,0x0000000029f30000)]
  0x000000001cfae800 JavaThread "jar transforms Thread 78" [_thread_blocked, id=16596, stack(0x0000000029b80000,0x0000000029c80000)]
  0x000000001cfab800 JavaThread "jar transforms Thread 77" [_thread_blocked, id=7340, stack(0x0000000029d30000,0x0000000029e30000)]
  0x000000001cfb1800 JavaThread "jar transforms Thread 76" [_thread_blocked, id=12208, stack(0x0000000029a80000,0x0000000029b80000)]
  0x000000001cfac800 JavaThread "jar transforms Thread 75" [_thread_blocked, id=19040, stack(0x0000000029980000,0x0000000029a80000)]
  0x000000001cf15800 JavaThread "jar transforms Thread 74" [_thread_blocked, id=16988, stack(0x0000000029880000,0x0000000029980000)]
  0x000000001cf15000 JavaThread "jar transforms Thread 73" [_thread_blocked, id=16844, stack(0x0000000029780000,0x0000000029880000)]
  0x000000001cf14000 JavaThread "jar transforms Thread 72" [_thread_blocked, id=732, stack(0x0000000029680000,0x0000000029780000)]
  0x000000001cf13800 JavaThread "jar transforms Thread 71" [_thread_blocked, id=13752, stack(0x0000000029580000,0x0000000029680000)]
  0x000000001cf12800 JavaThread "jar transforms Thread 70" [_thread_blocked, id=19188, stack(0x0000000029480000,0x0000000029580000)]
  0x000000001cf17000 JavaThread "jar transforms Thread 69" [_thread_blocked, id=18916, stack(0x0000000029380000,0x0000000029480000)]
  0x000000001cf16800 JavaThread "jar transforms Thread 68" [_thread_blocked, id=17880, stack(0x0000000029280000,0x0000000029380000)]
  0x000000001cf12000 JavaThread "jar transforms Thread 67" [_thread_blocked, id=9516, stack(0x0000000029180000,0x0000000029280000)]
  0x000000001cf0b000 JavaThread "jar transforms Thread 66" [_thread_blocked, id=18844, stack(0x0000000029080000,0x0000000029180000)]
  0x000000001cf0a800 JavaThread "jar transforms Thread 65" [_thread_blocked, id=17832, stack(0x0000000028f80000,0x0000000029080000)]
  0x000000001cf11000 JavaThread "jar transforms Thread 64" [_thread_blocked, id=15528, stack(0x0000000028e80000,0x0000000028f80000)]
  0x000000001cf09800 JavaThread "jar transforms Thread 63" [_thread_blocked, id=10260, stack(0x0000000028d80000,0x0000000028e80000)]
  0x000000001cf0c800 JavaThread "jar transforms Thread 62" [_thread_blocked, id=5404, stack(0x0000000028c80000,0x0000000028d80000)]
  0x000000001cf0d800 JavaThread "jar transforms Thread 61" [_thread_blocked, id=4700, stack(0x0000000028b80000,0x0000000028c80000)]
  0x000000001cf0e000 JavaThread "jar transforms Thread 60" [_thread_blocked, id=15976, stack(0x0000000028a80000,0x0000000028b80000)]
  0x000000001cf10800 JavaThread "jar transforms Thread 59" [_thread_blocked, id=508, stack(0x0000000028980000,0x0000000028a80000)]
  0x000000001cf0f800 JavaThread "jar transforms Thread 58" [_thread_blocked, id=5672, stack(0x0000000028880000,0x0000000028980000)]
  0x000000001cf09000 JavaThread "jar transforms Thread 57" [_thread_blocked, id=17024, stack(0x0000000028780000,0x0000000028880000)]
  0x000000001cf0f000 JavaThread "jar transforms Thread 56" [_thread_blocked, id=17828, stack(0x0000000028680000,0x0000000028780000)]
  0x000000001cf0c000 JavaThread "jar transforms Thread 55" [_thread_blocked, id=15556, stack(0x0000000028580000,0x0000000028680000)]
  0x000000001cf08000 JavaThread "jar transforms Thread 54" [_thread_blocked, id=1536, stack(0x0000000028480000,0x0000000028580000)]
  0x00000000206ff800 JavaThread "jar transforms Thread 53" [_thread_blocked, id=6536, stack(0x0000000028380000,0x0000000028480000)]
  0x00000000206fc800 JavaThread "jar transforms Thread 52" [_thread_blocked, id=1284, stack(0x0000000028280000,0x0000000028380000)]
  0x0000000020700000 JavaThread "jar transforms Thread 51" [_thread_blocked, id=6316, stack(0x0000000028180000,0x0000000028280000)]
  0x00000000206fe800 JavaThread "jar transforms Thread 50" [_thread_blocked, id=15896, stack(0x0000000028080000,0x0000000028180000)]
  0x0000000020701000 JavaThread "jar transforms Thread 49" [_thread_blocked, id=724, stack(0x0000000027f80000,0x0000000028080000)]
  0x00000000206fd000 JavaThread "jar transforms Thread 48" [_thread_blocked, id=16460, stack(0x0000000027e80000,0x0000000027f80000)]
  0x00000000206fe000 JavaThread "jar transforms Thread 47" [_thread_blocked, id=9756, stack(0x0000000027d80000,0x0000000027e80000)]
  0x00000000206f5000 JavaThread "jar transforms Thread 46" [_thread_blocked, id=1112, stack(0x0000000027c80000,0x0000000027d80000)]
  0x00000000206fb800 JavaThread "jar transforms Thread 45" [_thread_blocked, id=14940, stack(0x0000000027b80000,0x0000000027c80000)]
  0x00000000206fb000 JavaThread "jar transforms Thread 44" [_thread_blocked, id=3952, stack(0x0000000027a80000,0x0000000027b80000)]
  0x00000000206fa000 JavaThread "jar transforms Thread 43" [_thread_blocked, id=15284, stack(0x0000000027980000,0x0000000027a80000)]
  0x00000000206f4000 JavaThread "jar transforms Thread 42" [_thread_blocked, id=18472, stack(0x0000000027880000,0x0000000027980000)]
  0x00000000206f3800 JavaThread "jar transforms Thread 41" [_thread_blocked, id=18988, stack(0x0000000027780000,0x0000000027880000)]
  0x00000000206f2800 JavaThread "jar transforms Thread 40" [_thread_blocked, id=2448, stack(0x0000000027680000,0x0000000027780000)]
  0x00000000206f9800 JavaThread "jar transforms Thread 39" [_thread_blocked, id=12672, stack(0x0000000027580000,0x0000000027680000)]
  0x00000000206f2000 JavaThread "jar transforms Thread 38" [_thread_blocked, id=19272, stack(0x0000000027480000,0x0000000027580000)]
  0x00000000206f6800 JavaThread "jar transforms Thread 37" [_thread_blocked, id=860, stack(0x0000000027380000,0x0000000027480000)]
  0x00000000206f5800 JavaThread "jar transforms Thread 36" [_thread_blocked, id=5612, stack(0x0000000026ed0000,0x0000000026fd0000)]
  0x00000000206f8800 JavaThread "jar transforms Thread 35" [_thread_blocked, id=10312, stack(0x0000000027280000,0x0000000027380000)]
  0x00000000206f8000 JavaThread "jar transforms Thread 34" [_thread_blocked, id=11824, stack(0x0000000027180000,0x0000000027280000)]
  0x00000000206f7000 JavaThread "jar transforms Thread 33" [_thread_blocked, id=17256, stack(0x0000000027080000,0x0000000027180000)]
  0x000000001b065000 JavaThread "jar transforms Thread 32" [_thread_blocked, id=12444, stack(0x0000000026dd0000,0x0000000026ed0000)]
  0x000000001b064800 JavaThread "jar transforms Thread 31" [_thread_blocked, id=5244, stack(0x0000000026cd0000,0x0000000026dd0000)]
  0x000000001b063000 JavaThread "jar transforms Thread 30" [_thread_blocked, id=8668, stack(0x0000000026bd0000,0x0000000026cd0000)]
  0x000000001b063800 JavaThread "jar transforms Thread 29" [_thread_blocked, id=16524, stack(0x0000000026ad0000,0x0000000026bd0000)]
  0x000000001b068000 JavaThread "jar transforms Thread 28" [_thread_blocked, id=4628, stack(0x00000000269d0000,0x0000000026ad0000)]
  0x000000001b067800 JavaThread "jar transforms Thread 27" [_thread_blocked, id=5476, stack(0x00000000268d0000,0x00000000269d0000)]
  0x000000001b066800 JavaThread "jar transforms Thread 26" [_thread_blocked, id=6644, stack(0x00000000267d0000,0x00000000268d0000)]
  0x000000001b069000 JavaThread "jar transforms Thread 25" [_thread_blocked, id=7008, stack(0x00000000266d0000,0x00000000267d0000)]
  0x000000001b066000 JavaThread "jar transforms Thread 24" [_thread_blocked, id=1860, stack(0x00000000265d0000,0x00000000266d0000)]
  0x000000001b062000 JavaThread "jar transforms Thread 23" [_thread_blocked, id=13960, stack(0x00000000264d0000,0x00000000265d0000)]
  0x000000001b05a800 JavaThread "jar transforms Thread 22" [_thread_blocked, id=17944, stack(0x00000000263d0000,0x00000000264d0000)]
  0x000000001b061800 JavaThread "jar transforms Thread 21" [_thread_blocked, id=15148, stack(0x00000000262d0000,0x00000000263d0000)]
  0x000000001b060000 JavaThread "jar transforms Thread 20" [_thread_blocked, id=18460, stack(0x00000000261d0000,0x00000000262d0000)]
  0x000000001b05e800 JavaThread "jar transforms Thread 19" [_thread_blocked, id=9880, stack(0x00000000260d0000,0x00000000261d0000)]
  0x000000001b05d800 JavaThread "jar transforms Thread 18" [_thread_blocked, id=8548, stack(0x0000000025fd0000,0x00000000260d0000)]
  0x000000001b05d000 JavaThread "jar transforms Thread 17" [_thread_blocked, id=14440, stack(0x0000000025ed0000,0x0000000025fd0000)]
  0x000000001b059800 JavaThread "jar transforms Thread 16" [_thread_blocked, id=15776, stack(0x0000000025dd0000,0x0000000025ed0000)]
  0x000000001b05b800 JavaThread "jar transforms Thread 15" [_thread_blocked, id=7320, stack(0x0000000025cd0000,0x0000000025dd0000)]
  0x000000001b05f000 JavaThread "jar transforms Thread 14" [_thread_blocked, id=17712, stack(0x0000000025bd0000,0x0000000025cd0000)]
  0x000000001b05c000 JavaThread "jar transforms Thread 13" [_thread_blocked, id=14704, stack(0x0000000025ad0000,0x0000000025bd0000)]
  0x000000001b060800 JavaThread "jar transforms Thread 12" [_thread_blocked, id=1584, stack(0x00000000259d0000,0x0000000025ad0000)]
  0x000000001ccef000 JavaThread "jar transforms Thread 11" [_thread_blocked, id=13828, stack(0x00000000258d0000,0x00000000259d0000)]
  0x000000001ccee000 JavaThread "jar transforms Thread 10" [_thread_blocked, id=17304, stack(0x00000000257d0000,0x00000000258d0000)]
  0x000000001cced800 JavaThread "jar transforms Thread 9" [_thread_blocked, id=17148, stack(0x00000000256d0000,0x00000000257d0000)]
  0x000000001ccf2800 JavaThread "jar transforms Thread 8" [_thread_blocked, id=19256, stack(0x00000000255d0000,0x00000000256d0000)]
  0x000000001ccf2000 JavaThread "jar transforms Thread 7" [_thread_blocked, id=4448, stack(0x00000000254d0000,0x00000000255d0000)]
  0x000000001ccec800 JavaThread "jar transforms Thread 6" [_thread_blocked, id=2364, stack(0x00000000253d0000,0x00000000254d0000)]
  0x000000001ccf3800 JavaThread "jar transforms Thread 5" [_thread_blocked, id=6984, stack(0x00000000252d0000,0x00000000253d0000)]
  0x000000001ccf1000 JavaThread "jar transforms Thread 4" [_thread_blocked, id=19368, stack(0x0000000025040000,0x0000000025140000)]
  0x000000001ccf0800 JavaThread "jar transforms Thread 3" [_thread_blocked, id=16792, stack(0x00000000251d0000,0x00000000252d0000)]
  0x000000001ccef800 JavaThread "jar transforms Thread 2" [_thread_blocked, id=17616, stack(0x0000000024f40000,0x0000000025040000)]
  0x000000001cce7800 JavaThread "Build operations Thread 8" [_thread_blocked, id=6028, stack(0x0000000024d40000,0x0000000024e40000)]
  0x000000001ccec000 JavaThread "Build operations Thread 7" [_thread_blocked, id=17460, stack(0x0000000024c40000,0x0000000024d40000)]
  0x000000001cce6000 JavaThread "Build operations Thread 6" [_thread_blocked, id=17236, stack(0x0000000024b40000,0x0000000024c40000)]
  0x000000001cce4800 JavaThread "Build operations Thread 5" [_thread_blocked, id=16824, stack(0x0000000024a40000,0x0000000024b40000)]
  0x000000001cce9800 JavaThread "Build operations Thread 4" [_thread_blocked, id=8008, stack(0x0000000024940000,0x0000000024a40000)]
  0x000000001cce5000 JavaThread "Build operations Thread 3" [_thread_blocked, id=8160, stack(0x0000000024840000,0x0000000024940000)]
  0x000000001ccea800 JavaThread "Build operations Thread 2" [_thread_blocked, id=6648, stack(0x0000000024740000,0x0000000024840000)]
  0x000000001cce6800 JavaThread "Build operations" [_thread_blocked, id=16216, stack(0x0000000024640000,0x0000000024740000)]
  0x000000001c8e1800 JavaThread "Cache worker for file content cache (C:\Users\msalah\.gradle\caches\6.5\fileContent)" [_thread_blocked, id=13452, stack(0x0000000022f70000,0x0000000023070000)]
  0x000000001c8e3000 JavaThread "jar transforms" [_thread_blocked, id=15604, stack(0x0000000022e70000,0x0000000022f70000)]
  0x000000001c8dc800 JavaThread "Cache worker for execution history cache (C:\Users\msalah\.gradle\caches\6.5\executionHistory)" [_thread_blocked, id=18352, stack(0x0000000022660000,0x0000000022760000)]
  0x000000001c8e3800 JavaThread "Cache worker for cache directory md-rule (C:\Users\msalah\.gradle\caches\6.5\md-rule)" [_thread_blocked, id=13744, stack(0x0000000022560000,0x0000000022660000)]
  0x000000001c8e0800 JavaThread "Cache worker for cache directory md-supplier (C:\Users\msalah\.gradle\caches\6.5\md-supplier)" [_thread_blocked, id=18828, stack(0x0000000021210000,0x0000000021310000)]
  0x000000001c8df800 JavaThread "Cache worker for checksums cache (E:\MyAndroidProjects\newDesign\Mashawery\.gradle\checksums)" [_thread_blocked, id=6496, stack(0x0000000021110000,0x0000000021210000)]
  0x000000001c8df000 JavaThread "Cache worker for file hash cache (E:\MyAndroidProjects\newDesign\Mashawery\.gradle\6.5\fileHashes)" [_thread_blocked, id=7096, stack(0x0000000022970000,0x0000000022a70000)]
  0x000000001c8dd800 JavaThread "Cache worker for file hash cache (C:\Users\msalah\.gradle\caches\6.5\fileHashes)" [_thread_blocked, id=5760, stack(0x000000001ec70000,0x000000001ed70000)]
  0x000000001c8de000 JavaThread "File lock request listener" [_thread_in_native, id=6684, stack(0x000000001eb70000,0x000000001ec70000)]
  0x000000001ca5f000 JavaThread "Cache worker for journal cache (C:\Users\msalah\.gradle\caches\journal-1)" [_thread_blocked, id=1820, stack(0x000000001ea70000,0x000000001eb70000)]
  0x000000001c85f800 JavaThread "Thread-9" [_thread_blocked, id=3168, stack(0x000000001e770000,0x000000001e870000)]
  0x000000001c85e800 JavaThread "Stdin handler" [_thread_blocked, id=17176, stack(0x000000001e670000,0x000000001e770000)]
  0x000000001c87d000 JavaThread "Asynchronous log dispatcher for DefaultDaemonConnection: socket connection from /127.0.0.1:2069 to /127.0.0.1:2070" [_thread_blocked, id=2824, stack(0x000000001e570000,0x000000001e670000)]
  0x000000001c884800 JavaThread "Daemon worker" [_thread_in_native, id=17800, stack(0x000000001e470000,0x000000001e570000)]
  0x000000001c8a7000 JavaThread "Cancel handler" [_thread_blocked, id=2016, stack(0x000000001e370000,0x000000001e470000)]
  0x000000001c7e1800 JavaThread "Handler for socket connection from /127.0.0.1:2069 to /127.0.0.1:2070" [_thread_in_native, id=17624, stack(0x000000001e270000,0x000000001e370000)]
  0x000000001c7e7800 JavaThread "Daemon" [_thread_blocked, id=15448, stack(0x000000001e170000,0x000000001e270000)]
  0x000000001c7e0000 JavaThread "Daemon periodic checks" [_thread_blocked, id=10392, stack(0x000000001de70000,0x000000001df70000)]
  0x000000001c79e000 JavaThread "Incoming local TCP Connector on port 2069" [_thread_in_native, id=18788, stack(0x000000001dc30000,0x000000001dd30000)]
  0x000000001c762800 JavaThread "Daemon health stats" [_thread_blocked, id=17660, stack(0x000000001d5f0000,0x000000001d6f0000)]
  0x0000000019e3b000 JavaThread "Service Thread" daemon [_thread_blocked, id=3664, stack(0x000000001aa50000,0x000000001ab50000)]
  0x0000000019d6d000 JavaThread "C1 CompilerThread3" daemon [_thread_blocked, id=18580, stack(0x000000001a950000,0x000000001aa50000)]
  0x0000000019d6c000 JavaThread "C2 CompilerThread2" daemon [_thread_in_native, id=2476, stack(0x000000001a850000,0x000000001a950000)]
  0x0000000019d68800 JavaThread "C2 CompilerThread1" daemon [_thread_in_native, id=5700, stack(0x000000001a750000,0x000000001a850000)]
=>0x0000000019d64800 JavaThread "C2 CompilerThread0" daemon [_thread_in_native, id=15544, stack(0x000000001a650000,0x000000001a750000)]
  0x0000000019db1800 JavaThread "Attach Listener" daemon [_thread_blocked, id=11428, stack(0x000000001a550000,0x000000001a650000)]
  0x0000000019db0800 JavaThread "Signal Dispatcher" daemon [_thread_blocked, id=17852, stack(0x000000001a450000,0x000000001a550000)]
  0x0000000019d51800 JavaThread "Finalizer" daemon [_thread_blocked, id=5676, stack(0x000000001a230000,0x000000001a330000)]
  0x0000000019d50800 JavaThread "Reference Handler" daemon [_thread_blocked, id=8892, stack(0x000000001a130000,0x000000001a230000)]
  0x0000000002bee000 JavaThread "main" [_thread_blocked, id=12400, stack(0x0000000002cb0000,0x0000000002db0000)]

Other Threads:
  0x0000000017f48000 VMThread [stack: 0x0000000019c30000,0x0000000019d30000] [id=2000]
  0x0000000019e3b800 WatcherThread [stack: 0x000000001ab50000,0x000000001ac50000] [id=7424]

VM state:not at safepoint (normal execution)

VM Mutex/Monitor currently owned by a thread: None

heap address: 0x0000000080000000, size: 2048 MB, Compressed Oops mode: 32-bit
Narrow klass base: 0x0000000000000000, Narrow klass shift: 3
Compressed class space size: 1073741824 Address: 0x0000000100000000

Heap:
 PSYoungGen      total 203776K, used 36598K [0x00000000d5580000, 0x00000000e3f00000, 0x0000000100000000)
  eden space 192000K, 12% used [0x00000000d5580000,0x00000000d6dc0690,0x00000000e1100000)
  from space 11776K, 99% used [0x00000000e1100000,0x00000000e1c7d2f0,0x00000000e1c80000)
  to   space 18432K, 0% used [0x00000000e2d00000,0x00000000e2d00000,0x00000000e3f00000)
 ParOldGen       total 142848K, used 28234K [0x0000000080000000, 0x0000000088b80000, 0x00000000d5580000)
  object space 142848K, 19% used [0x0000000080000000,0x0000000081b92a50,0x0000000088b80000)
 Metaspace       used 53288K, capacity 55448K, committed 55592K, reserved 1097728K
  class space    used 7177K, capacity 7668K, committed 7728K, reserved 1048576K

Card table byte_map: [0x0000000012270000,0x0000000012680000] byte_map_base: 0x0000000011e70000

Marking Bits: (ParMarkBitMap*) 0x00000000513ef030
 Begin Bits: [0x0000000013130000, 0x0000000015130000)
 End Bits:   [0x0000000015130000, 0x0000000017130000)

Polling page: 0x0000000002bc0000

CodeCache: size=245760Kb used=15088Kb max_used=15096Kb free=230671Kb
 bounds [0x0000000002eb0000, 0x0000000003d80000, 0x0000000011eb0000]
 total_blobs=5183 nmethods=4421 adapters=675
 compilation: enabled

Compilation events (10 events):
Event: 8.001 Thread 0x0000000019d6d000 4904       3       org.gradle.api.internal.tasks.DefaultTaskContainer_Decorated::getEventRegister (39 bytes)
Event: 8.001 Thread 0x0000000019d6d000 nmethod 4904 0x0000000003d75c10 code [0x0000000003d75de0, 0x0000000003d76588]
Event: 8.007 Thread 0x0000000019d68800 nmethod 4903 0x0000000003d79a10 code [0x0000000003d79b80, 0x0000000003d7a148]
Event: 8.011 Thread 0x0000000019d6d000 4905       3       com.google.common.collect.ImmutableSet::builder (8 bytes)
Event: 8.011 Thread 0x0000000019d6d000 nmethod 4905 0x0000000003d79290 code [0x0000000003d79420, 0x0000000003d79828]
Event: 8.011 Thread 0x0000000019d6d000 4906       1       org.gradle.api.internal.provider.DefaultProperty::getType (5 bytes)
Event: 8.011 Thread 0x0000000019d6d000 nmethod 4906 0x0000000003d70bd0 code [0x0000000003d70d20, 0x0000000003d70e30]
Event: 8.011 Thread 0x0000000019d68800 4907       4       java.lang.invoke.MethodType::makeImpl (66 bytes)
Event: 8.012 Thread 0x0000000019d6d000 4908       1       com.google.common.collect.ImmutableMapEntry$NonTerminalImmutableMapEntry::getNextInKeyBucket (5 bytes)
Event: 8.012 Thread 0x0000000019d6d000 nmethod 4908 0x0000000003d708d0 code [0x0000000003d70a20, 0x0000000003d70b30]

GC Heap History (10 events):
Event: 4.010 GC heap before
{Heap before GC invocations=7 (full 1):
 PSYoungGen      total 76288K, used 74176K [0x00000000d5580000, 0x00000000dd980000, 0x0000000100000000)
  eden space 65536K, 100% used [0x00000000d5580000,0x00000000d9580000,0x00000000d9580000)
  from space 10752K, 80% used [0x00000000d9580000,0x00000000d9df03f8,0x00000000da000000)
  to   space 12288K, 0% used [0x00000000dcd80000,0x00000000dcd80000,0x00000000dd980000)
 ParOldGen       total 93184K, used 7174K [0x0000000080000000, 0x0000000085b00000, 0x00000000d5580000)
  object space 93184K, 7% used [0x0000000080000000,0x0000000080701a68,0x0000000085b00000)
 Metaspace       used 33017K, capacity 34108K, committed 34352K, reserved 1079296K
  class space    used 4517K, capacity 4789K, committed 4912K, reserved 1048576K
Event: 4.018 GC heap after
Heap after GC invocations=7 (full 1):
 PSYoungGen      total 121856K, used 9346K [0x00000000d5580000, 0x00000000dd900000, 0x0000000100000000)
  eden space 110080K, 0% used [0x00000000d5580000,0x00000000d5580000,0x00000000dc100000)
  from space 11776K, 79% used [0x00000000dcd80000,0x00000000dd6a0a20,0x00000000dd900000)
  to   space 12288K, 0% used [0x00000000dc100000,0x00000000dc100000,0x00000000dcd00000)
 ParOldGen       total 93184K, used 7182K [0x0000000080000000, 0x0000000085b00000, 0x00000000d5580000)
  object space 93184K, 7% used [0x0000000080000000,0x0000000080703a68,0x0000000085b00000)
 Metaspace       used 33017K, capacity 34108K, committed 34352K, reserved 1079296K
  class space    used 4517K, capacity 4789K, committed 4912K, reserved 1048576K
}
Event: 4.231 GC heap before
{Heap before GC invocations=8 (full 1):
 PSYoungGen      total 121856K, used 36939K [0x00000000d5580000, 0x00000000dd900000, 0x0000000100000000)
  eden space 110080K, 25% used [0x00000000d5580000,0x00000000d7072228,0x00000000dc100000)
  from space 11776K, 79% used [0x00000000dcd80000,0x00000000dd6a0a20,0x00000000dd900000)
  to   space 12288K, 0% used [0x00000000dc100000,0x00000000dc100000,0x00000000dcd00000)
 ParOldGen       total 93184K, used 7182K [0x0000000080000000, 0x0000000085b00000, 0x00000000d5580000)
  object space 93184K, 7% used [0x0000000080000000,0x0000000080703a68,0x0000000085b00000)
 Metaspace       used 34298K, capacity 35414K, committed 35496K, reserved 1079296K
  class space    used 4720K, capacity 5002K, committed 5040K, reserved 1048576K
Event: 4.242 GC heap after
Heap after GC invocations=8 (full 1):
 PSYoungGen      total 122368K, used 8080K [0x00000000d5580000, 0x00000000e2a80000, 0x0000000100000000)
  eden space 110080K, 0% used [0x00000000d5580000,0x00000000d5580000,0x00000000dc100000)
  from space 12288K, 65% used [0x00000000dc100000,0x00000000dc8e4208,0x00000000dcd00000)
  to   space 11776K, 0% used [0x00000000e1f00000,0x00000000e1f00000,0x00000000e2a80000)
 ParOldGen       total 93184K, used 7190K [0x0000000080000000, 0x0000000085b00000, 0x00000000d5580000)
  object space 93184K, 7% used [0x0000000080000000,0x0000000080705a68,0x0000000085b00000)
 Metaspace       used 34298K, capacity 35414K, committed 35496K, reserved 1079296K
  class space    used 4720K, capacity 5002K, committed 5040K, reserved 1048576K
}
Event: 4.242 GC heap before
{Heap before GC invocations=9 (full 2):
 PSYoungGen      total 122368K, used 8080K [0x00000000d5580000, 0x00000000e2a80000, 0x0000000100000000)
  eden space 110080K, 0% used [0x00000000d5580000,0x00000000d5580000,0x00000000dc100000)
  from space 12288K, 65% used [0x00000000dc100000,0x00000000dc8e4208,0x00000000dcd00000)
  to   space 11776K, 0% used [0x00000000e1f00000,0x00000000e1f00000,0x00000000e2a80000)
 ParOldGen       total 93184K, used 7190K [0x0000000080000000, 0x0000000085b00000, 0x00000000d5580000)
  object space 93184K, 7% used [0x0000000080000000,0x0000000080705a68,0x0000000085b00000)
 Metaspace       used 34298K, capacity 35414K, committed 35496K, reserved 1079296K
  class space    used 4720K, capacity 5002K, committed 5040K, reserved 1048576K
Event: 4.299 GC heap after
Heap after GC invocations=9 (full 2):
 PSYoungGen      total 122368K, used 0K [0x00000000d5580000, 0x00000000e2a80000, 0x0000000100000000)
  eden space 110080K, 0% used [0x00000000d5580000,0x00000000d5580000,0x00000000dc100000)
  from space 12288K, 0% used [0x00000000dc100000,0x00000000dc100000,0x00000000dcd00000)
  to   space 11776K, 0% used [0x00000000e1f00000,0x00000000e1f00000,0x00000000e2a80000)
 ParOldGen       total 142848K, used 14430K [0x0000000080000000, 0x0000000088b80000, 0x00000000d5580000)
  object space 142848K, 10% used [0x0000000080000000,0x0000000080e17910,0x0000000088b80000)
 Metaspace       used 34298K, capacity 35414K, committed 35496K, reserved 1079296K
  class space    used 4720K, capacity 5002K, committed 5040K, reserved 1048576K
}
Event: 5.435 GC heap before
{Heap before GC invocations=10 (full 2):
 PSYoungGen      total 122368K, used 110080K [0x00000000d5580000, 0x00000000e2a80000, 0x0000000100000000)
  eden space 110080K, 100% used [0x00000000d5580000,0x00000000dc100000,0x00000000dc100000)
  from space 12288K, 0% used [0x00000000dc100000,0x00000000dc100000,0x00000000dcd00000)
  to   space 11776K, 0% used [0x00000000e1f00000,0x00000000e1f00000,0x00000000e2a80000)
 ParOldGen       total 142848K, used 14430K [0x0000000080000000, 0x0000000088b80000, 0x00000000d5580000)
  object space 142848K, 10% used [0x0000000080000000,0x0000000080e17910,0x0000000088b80000)
 Metaspace       used 37334K, capacity 39008K, committed 39080K, reserved 1083392K
  class space    used 5150K, capacity 5522K, committed 5552K, reserved 1048576K
Event: 5.447 GC heap after
Heap after GC invocations=10 (full 2):
 PSYoungGen      total 169984K, used 8947K [0x00000000d5580000, 0x00000000e2800000, 0x0000000100000000)
  eden space 160768K, 0% used [0x00000000d5580000,0x00000000d5580000,0x00000000df280000)
  from space 9216K, 97% used [0x00000000e1f00000,0x00000000e27bcf28,0x00000000e2800000)
  to   space 11776K, 0% used [0x00000000e1100000,0x00000000e1100000,0x00000000e1c80000)
 ParOldGen       total 142848K, used 14438K [0x0000000080000000, 0x0000000088b80000, 0x00000000d5580000)
  object space 142848K, 10% used [0x0000000080000000,0x0000000080e19910,0x0000000088b80000)
 Metaspace       used 37334K, capacity 39008K, committed 39080K, reserved 1083392K
  class space    used 5150K, capacity 5522K, committed 5552K, reserved 1048576K
}
Event: 7.585 GC heap before
{Heap before GC invocations=11 (full 2):
 PSYoungGen      total 169984K, used 169715K [0x00000000d5580000, 0x00000000e2800000, 0x0000000100000000)
  eden space 160768K, 100% used [0x00000000d5580000,0x00000000df280000,0x00000000df280000)
  from space 9216K, 97% used [0x00000000e1f00000,0x00000000e27bcf28,0x00000000e2800000)
  to   space 11776K, 0% used [0x00000000e1100000,0x00000000e1100000,0x00000000e1c80000)
 ParOldGen       total 142848K, used 14438K [0x0000000080000000, 0x0000000088b80000, 0x00000000d5580000)
  object space 142848K, 10% used [0x0000000080000000,0x0000000080e19910,0x0000000088b80000)
 Metaspace       used 50994K, capacity 53026K, committed 53160K, reserved 1095680K
  class space    used 6828K, capacity 7263K, committed 7344K, reserved 1048576K
Event: 7.606 GC heap after
Heap after GC invocations=11 (full 2):
 PSYoungGen      total 203776K, used 11764K [0x00000000d5580000, 0x00000000e3f00000, 0x0000000100000000)
  eden space 192000K, 0% used [0x00000000d5580000,0x00000000d5580000,0x00000000e1100000)
  from space 11776K, 99% used [0x00000000e1100000,0x00000000e1c7d2f0,0x00000000e1c80000)
  to   space 18432K, 0% used [0x00000000e2d00000,0x00000000e2d00000,0x00000000e3f00000)
 ParOldGen       total 142848K, used 28234K [0x0000000080000000, 0x0000000088b80000, 0x00000000d5580000)
  object space 142848K, 19% used [0x0000000080000000,0x0000000081b92a50,0x0000000088b80000)
 Metaspace       used 50994K, capacity 53026K, committed 53160K, reserved 1095680K
  class space    used 6828K, capacity 7263K, committed 7344K, reserved 1048576K
}

Deoptimization events (10 events):
Event: 6.807 Thread 0x000000001c884800 Uncommon trap: reason=bimorphic action=maybe_recompile pc=0x0000000003a7f878 method=java.util.regex.Pattern$CharProperty.match(Ljava/util/regex/Matcher;ILjava/lang/CharSequence;)Z @ 18
Event: 6.995 Thread 0x000000001c884800 Uncommon trap: reason=unstable_if action=reinterpret pc=0x00000000038bd2f0 method=org.gradle.internal.reflect.PropertyAccessorType.of(Ljava/lang/reflect/Method;)Lorg/gradle/internal/reflect/PropertyAccessorType; @ 56
Event: 7.372 Thread 0x000000001c884800 Uncommon trap: reason=unstable_if action=reinterpret pc=0x0000000003c08db4 method=com.sun.org.apache.xerces.internal.impl.XMLEntityScanner.checkBeforeLoad(Lcom/sun/xml/internal/stream/Entity$ScannedEntity;II)I @ 18
Event: 7.408 Thread 0x000000001c884800 Uncommon trap: reason=unstable_if action=reinterpret pc=0x00000000030fa170 method=org.gradle.internal.instantiation.generator.AbstractClassGenerator$InjectionAnnotationValidator.validateMethod(Ljava/lang/reflect/Method;Lorg/gradle/internal/reflect/Propert
Event: 7.409 Thread 0x000000001c884800 Uncommon trap: reason=unstable_if action=reinterpret pc=0x000000000310307c method=org.gradle.internal.instantiation.generator.AbstractClassGenerator$InjectionAnnotationValidator.validateMethod(Ljava/lang/reflect/Method;Lorg/gradle/internal/reflect/Propert
Event: 7.430 Thread 0x000000001c884800 Uncommon trap: reason=unstable_if action=reinterpret pc=0x0000000003b14db8 method=org.codehaus.groovy.runtime.metaclass.MetaMethodIndex.isNonRealMethod(Lgroovy/lang/MetaMethod;)Z @ 4
Event: 7.431 Thread 0x000000001c884800 Uncommon trap: reason=unstable_if action=reinterpret pc=0x00000000034bdd28 method=groovy.lang.MetaClassImpl$1MOPIter.methodNameAction(Ljava/lang/Class;Lorg/codehaus/groovy/runtime/metaclass/MetaMethodIndex$Entry;)V @ 182
Event: 7.439 Thread 0x000000001c884800 Uncommon trap: reason=unstable_if action=reinterpret pc=0x00000000034574e4 method=java.lang.ClassLoader.checkCerts(Ljava/lang/String;Ljava/security/CodeSource;)V @ 29
Event: 7.439 Thread 0x000000001c884800 Uncommon trap: reason=unstable_if action=reinterpret pc=0x000000000363f470 method=java.lang.ClassLoader.defineClassSourceLocation(Ljava/security/ProtectionDomain;)Ljava/lang/String; @ 8
Event: 7.503 Thread 0x000000001c884800 Uncommon trap: reason=null_check action=make_not_entrant pc=0x0000000003666190 method=java.lang.Class.searchMethods([Ljava/lang/reflect/Method;Ljava/lang/String;[Ljava/lang/Class;)Ljava/lang/reflect/Method; @ 59

Classes redefined (0 events):
No events

Internal exceptions (10 events):
Event: 7.582 Thread 0x000000001c884800 Exception <a 'java/lang/ClassNotFoundException': groovy/lang/GStringCustomizer> (0x00000000df1fc760) thrown at [C:\src\AOSP-openjdk-git\hotspot\src\share\vm\classfile\systemDictionary.cpp, line 210]
Event: 7.583 Thread 0x000000001c884800 Exception <a 'java/lang/ClassNotFoundException': groovy/lang/GString$1Customizer> (0x00000000df2311b0) thrown at [C:\src\AOSP-openjdk-git\hotspot\src\share\vm\classfile\systemDictionary.cpp, line 210]
Event: 7.610 Thread 0x000000001c884800 Exception <a 'java/lang/ClassNotFoundException': org/codehaus/groovy/runtime/GStringImplBeanInfo> (0x00000000d55e7fd0) thrown at [C:\src\AOSP-openjdk-git\hotspot\src\share\vm\classfile\systemDictionary.cpp, line 210]
Event: 7.611 Thread 0x000000001c884800 Exception <a 'java/lang/ClassNotFoundException': org/codehaus/groovy/runtime/GStringImplCustomizer> (0x00000000d561c9a8) thrown at [C:\src\AOSP-openjdk-git\hotspot\src\share\vm\classfile\systemDictionary.cpp, line 210]
Event: 7.616 Thread 0x000000001c884800 Exception <a 'java/lang/ClassNotFoundException': com/android/build/gradle/internal/dsl/VectorDrawablesOptions_DecoratedBeanInfo> (0x00000000d567a270) thrown at [C:\src\AOSP-openjdk-git\hotspot\src\share\vm\classfile\systemDictionary.cpp, line 210]
Event: 7.616 Thread 0x000000001c884800 Exception <a 'java/lang/ClassNotFoundException': com/android/build/gradle/internal/dsl/VectorDrawablesOptionsBeanInfo> (0x00000000d5698580) thrown at [C:\src\AOSP-openjdk-git\hotspot\src\share\vm\classfile\systemDictionary.cpp, line 210]
Event: 7.617 Thread 0x000000001c884800 Exception <a 'java/lang/ClassNotFoundException': com/android/builder/core/DefaultVectorDrawablesOptionsBeanInfo> (0x00000000d56b49f8) thrown at [C:\src\AOSP-openjdk-git\hotspot\src\share\vm\classfile\systemDictionary.cpp, line 210]
Event: 7.617 Thread 0x000000001c884800 Exception <a 'java/lang/ClassNotFoundException': com/android/builder/core/DefaultVectorDrawablesOptionsCustomizer> (0x00000000d56d1c10) thrown at [C:\src\AOSP-openjdk-git\hotspot\src\share\vm\classfile\systemDictionary.cpp, line 210]
Event: 7.618 Thread 0x000000001c884800 Exception <a 'java/lang/ClassNotFoundException': com/android/build/gradle/internal/dsl/VectorDrawablesOptionsCustomizer> (0x00000000d56f9300) thrown at [C:\src\AOSP-openjdk-git\hotspot\src\share\vm\classfile\systemDictionary.cpp, line 210]
Event: 7.618 Thread 0x000000001c884800 Exception <a 'java/lang/ClassNotFoundException': com/android/build/gradle/internal/dsl/VectorDrawablesOptions_DecoratedCustomizer> (0x00000000d571deb8) thrown at [C:\src\AOSP-openjdk-git\hotspot\src\share\vm\classfile\systemDictionary.cpp, line 210]

Events (10 events):
Event: 8.013 loading class com/android/build/gradle/internal/scope/InternalArtifactType$MERGED_SHADERS
Event: 8.013 loading class com/android/build/gradle/internal/scope/InternalArtifactType$MERGED_SHADERS done
Event: 8.013 loading class com/android/build/gradle/internal/scope/InternalArtifactType$SHADER_ASSETS
Event: 8.013 loading class com/android/build/gradle/internal/scope/InternalArtifactType$SHADER_ASSETS done
Event: 8.014 loading class com/android/build/gradle/tasks/ShaderCompile
Event: 8.014 loading class com/android/build/gradle/tasks/ShaderCompile done
Event: 8.015 loading class org/gradle/api/file/DirectoryProperty
Event: 8.015 loading class org/gradle/api/file/DirectoryProperty done
Event: 8.015 loading class com/android/ide/common/process/ProcessOutputHandler
Event: 8.015 loading class com/android/ide/common/process/ProcessOutputHandler done


Dynamic libraries:
0x00007ff77c8c0000 - 0x00007ff77c8f1000 	C:\Program Files\Android\Android Studio\jre\bin\java.exe
0x00007ffd0dff0000 - 0x00007ffd0e1e6000 	C:\Windows\SYSTEM32\ntdll.dll
0x00007ffd0cb80000 - 0x00007ffd0cc3d000 	C:\Windows\System32\KERNEL32.DLL
0x00007ffd0bb40000 - 0x00007ffd0be09000 	C:\Windows\System32\KERNELBASE.dll
0x00007ffd0d5a0000 - 0x00007ffd0d64c000 	C:\Windows\System32\ADVAPI32.dll
0x00007ffd0c280000 - 0x00007ffd0c31e000 	C:\Windows\System32\msvcrt.dll
0x00007ffd0c130000 - 0x00007ffd0c1cc000 	C:\Windows\System32\sechost.dll
0x00007ffd0d760000 - 0x00007ffd0d88b000 	C:\Windows\System32\RPCRT4.dll
0x00007ffd0c4b0000 - 0x00007ffd0c650000 	C:\Windows\System32\USER32.dll
0x00007ffd0b9b0000 - 0x00007ffd0b9d2000 	C:\Windows\System32\win32u.dll
0x00007ffd0ddd0000 - 0x00007ffd0ddfa000 	C:\Windows\System32\GDI32.dll
0x00007ffd0be40000 - 0x00007ffd0bf4b000 	C:\Windows\System32\gdi32full.dll
0x00007ffd0b910000 - 0x00007ffd0b9ad000 	C:\Windows\System32\msvcp_win.dll
0x00007ffd0b810000 - 0x00007ffd0b910000 	C:\Windows\System32\ucrtbase.dll
0x00007ffcf0970000 - 0x00007ffcf0c0b000 	C:\Windows\WinSxS\amd64_microsoft.windows.common-controls_6595b64144ccf1df_6.0.19041.746_none_ca02b4b61b8320a4\COMCTL32.dll
0x00007ffd0d900000 - 0x00007ffd0d930000 	C:\Windows\System32\IMM32.DLL
0x0000000050b40000 - 0x0000000050c12000 	C:\Program Files\Android\Android Studio\jre\jre\bin\msvcr100.dll
0x0000000050c20000 - 0x000000005146b000 	C:\Program Files\Android\Android Studio\jre\jre\bin\server\jvm.dll
0x00007ffd0c050000 - 0x00007ffd0c058000 	C:\Windows\System32\PSAPI.DLL
0x00007ffd05a20000 - 0x00007ffd05a2a000 	C:\Windows\SYSTEM32\VERSION.dll
0x00007ffcf4d70000 - 0x00007ffcf4d97000 	C:\Windows\SYSTEM32\WINMM.dll
0x00007ffd04c50000 - 0x00007ffd04c59000 	C:\Windows\SYSTEM32\WSOCK32.dll
0x00007ffd0d890000 - 0x00007ffd0d8fb000 	C:\Windows\System32\WS2_32.dll
0x00007ffd01a60000 - 0x00007ffd01a6f000 	C:\Program Files\Android\Android Studio\jre\jre\bin\verify.dll
0x00007ffcfb130000 - 0x00007ffcfb159000 	C:\Program Files\Android\Android Studio\jre\jre\bin\java.dll
0x00007ffcfb180000 - 0x00007ffcfb196000 	C:\Program Files\Android\Android Studio\jre\jre\bin\zip.dll
0x00007ffd0ce50000 - 0x00007ffd0d592000 	C:\Windows\System32\SHELL32.dll
0x00007ffd09860000 - 0x00007ffd09ff0000 	C:\Windows\SYSTEM32\windows.storage.dll
0x00007ffd0c6b0000 - 0x00007ffd0ca06000 	C:\Windows\System32\combase.dll
0x00007ffd0b190000 - 0x00007ffd0b1bc000 	C:\Windows\SYSTEM32\Wldp.dll
0x00007ffd0c1d0000 - 0x00007ffd0c27e000 	C:\Windows\System32\SHCORE.dll
0x00007ffd0d700000 - 0x00007ffd0d755000 	C:\Windows\System32\shlwapi.dll
0x00007ffd0b660000 - 0x00007ffd0b686000 	C:\Windows\SYSTEM32\profapi.dll
0x00007ffcfb020000 - 0x00007ffcfb03a000 	C:\Program Files\Android\Android Studio\jre\jre\bin\net.dll
0x00007ffd0af10000 - 0x00007ffd0af7a000 	C:\Windows\system32\mswsock.dll
0x00007ffcfb000000 - 0x00007ffcfb013000 	C:\Program Files\Android\Android Studio\jre\jre\bin\nio.dll
0x00007ffcf1210000 - 0x00007ffcf1237000 	C:\Users\msalah\.gradle\native\f6784746aeab05261644944871eae4fe03e0ef1612fff0a4a95f87b438bc6780\windows-amd64\native-platform.dll
0x00007ffcfaff0000 - 0x00007ffcfaffd000 	C:\Program Files\Android\Android Studio\jre\jre\bin\management.dll
0x00007ffd0b0f0000 - 0x00007ffd0b108000 	C:\Windows\SYSTEM32\CRYPTSP.dll
0x00007ffd0a840000 - 0x00007ffd0a874000 	C:\Windows\system32\rsaenh.dll
0x00007ffd0be10000 - 0x00007ffd0be37000 	C:\Windows\System32\bcrypt.dll
0x00007ffd0b5e0000 - 0x00007ffd0b60e000 	C:\Windows\SYSTEM32\USERENV.dll
0x00007ffd0b730000 - 0x00007ffd0b7b0000 	C:\Windows\System32\bcryptprimitives.dll
0x00007ffd0b0e0000 - 0x00007ffd0b0ec000 	C:\Windows\SYSTEM32\CRYPTBASE.dll
0x00007ffd0abb0000 - 0x00007ffd0abeb000 	C:\Windows\SYSTEM32\IPHLPAPI.DLL
0x00007ffd0d930000 - 0x00007ffd0d938000 	C:\Windows\System32\NSI.dll
0x00007ffd04ae0000 - 0x00007ffd04af7000 	C:\Windows\SYSTEM32\dhcpcsvc6.DLL
0x00007ffd05160000 - 0x00007ffd0517d000 	C:\Windows\SYSTEM32\dhcpcsvc.DLL
0x00007ffd0abf0000 - 0x00007ffd0acbb000 	C:\Windows\SYSTEM32\DNSAPI.dll
0x00007ffd05570000 - 0x00007ffd0557b000 	C:\Windows\SYSTEM32\WINNSI.DLL

VM Arguments:
jvm_args: -Xmx2048m -Dfile.encoding=UTF-8 -Duser.country=US -Duser.language=en -Duser.variant 
java_command: org.gradle.launcher.daemon.bootstrap.GradleDaemon 6.5
java_class_path (initial): C:\Users\msalah\.gradle\wrapper\dists\gradle-6.5-bin\6nifqtx7604sqp1q6g8wikw7p\gradle-6.5\lib\gradle-launcher-6.5.jar
Launcher Type: SUN_STANDARD

Environment Variables:
JAVA_HOME=C:\Program Files\Java\jdk1.8.0_112
PATH=C:\Program Files\Java\jdk1.8.0_112\bin;C:\Devolpement Tools\groovy-2.5.14\groovy-2.5.14\bin;C:\Devolpement Tools\gradle-6.8.2\bin;C:\ProgramData\Oracle\Java\javapath;C:\Windows\system32;C:\Windows;C:\Windows\System32\Wbem;C:\Windows\System32\WindowsPowerShell\v1.0\;C:\Windows\System32\OpenSSH\;C:\Program Files\Git\cmd;C:\Users\msalah\AppData\Local\Microsoft\WindowsApps;;C:\Devolpement Tools\Microsoft VS Code\bin;C:\Program Files\JetBrains\IntelliJ IDEA Educational Edition 2020.3\bin;
USERNAME=msalah
OS=Windows_NT
PROCESSOR_IDENTIFIER=Intel64 Family 6 Model 142 Stepping 11, GenuineIntel



---------------  S Y S T E M  ---------------

OS: Windows 10.0 , 64 bit Build 19041 (10.0.19041.804)

CPU:total 8 (initial active 8) (4 cores per cpu, 2 threads per core) family 6 model 142 stepping 11, cmov, cx8, fxsr, mmx, sse, sse2, sse3, ssse3, sse4.1, sse4.2, popcnt, avx, avx2, aes, clmul, erms, 3dnowpref, lzcnt, ht, tsc, tscinvbit, bmi1, bmi2, adx

Memory: 4k page, physical 16660740k(5584236k free), swap 20723972k(4017848k free)

vm_info: OpenJDK 64-Bit Server VM (25.242-b01) for windows-amd64 JRE (1.8.0_242-release-1644-b01), built by "builder" with MS VC++ 10.0 (VS2010)

time: Sat Feb 27 22:57:00 2021
timezone: Egypt Standard Time
elapsed time: 8 seconds (0d 0h 0m 8s)

